#
# A fatal error has been detected by the Java Runtime Environment:
#
#  EXCEPTION_ACCESS_VIOLATION (0xc0000005) at pc=0x00007ffe20363ee0, pid=11856, tid=17316
#
# JRE version: OpenJDK Runtime Environment Temurin-21.0.7+6 (21.0.7+6) (build 21.0.7+6-LTS)
# Java VM: OpenJDK 64-Bit Server VM Temurin-21.0.7+6 (21.0.7+6-LTS, mixed mode, sharing, tiered, compressed oops, compressed class ptrs, parallel gc, windows-amd64)
# Problematic frame:
# V  [jvm.dll+0x243ee0]
#
# No core dump will be written. Minidumps are not enabled by default on client versions of Windows
#
# If you would like to submit a bug report, please visit:
#   https://github.com/adoptium/adoptium-support/issues
#

---------------  S U M M A R Y ------------

Command Line: --add-modules=ALL-SYSTEM --add-opens=java.base/java.util=ALL-UNNAMED --add-opens=java.base/java.lang=ALL-UNNAMED --add-opens=java.base/sun.nio.fs=ALL-UNNAMED -Declipse.application=org.eclipse.jdt.ls.core.id1 -Dosgi.bundles.defaultStartLevel=4 -Declipse.product=org.eclipse.jdt.ls.core.product -Djava.import.generatesMetadataFilesAtProjectRoot=false -DDetectVMInstallationsJob.disabled=true -Dfile.encoding=utf8 -XX:+UseParallelGC -XX:GCTimeRatio=4 -XX:AdaptiveSizePolicyWeight=90 -Dsun.zip.disableMemoryMapping=true -Xmx1G -Xms100m -Xlog:disable -javaagent:c:\Users\admin\.vscode\extensions\redhat.java-1.42.0-win32-x64\lombok\lombok-1.18.36.jar -XX:+HeapDumpOnOutOfMemoryError -XX:HeapDumpPath=c:\Users\admin\AppData\Roaming\Code\User\workspaceStorage\47a3e8ccf1965bd35feb4e26e05ea635\redhat.java -Daether.dependencyCollector.impl=bf c:\Users\admin\.vscode\extensions\redhat.java-1.42.0-win32-x64\server\plugins\org.eclipse.equinox.launcher_1.7.0.v20250424-1814.jar -configuration c:\Users\admin\AppData\Roaming\Code\User\globalStorage\redhat.java\1.42.0\config_win -data c:\Users\admin\AppData\Roaming\Code\User\workspaceStorage\47a3e8ccf1965bd35feb4e26e05ea635\redhat.java\jdt_ws --pipe=\\.\pipe\lsp-bb477bd7b21e78c7959be5ea1f2de2ea-sock

Host: Intel(R) Core(TM) i5-6300U CPU @ 2.40GHz, 4 cores, 7G,  Windows 10 , 64 bit Build 19041 (10.0.19041.5438)
Time: Sun Jun 15 00:29:00 2025 Morocco Daylight Time elapsed time: 12391.766800 seconds (0d 3h 26m 31s)

---------------  T H R E A D  ---------------

Current thread (0x00000251c93a5240):  JavaThread "Compiler Processing Task" daemon [_thread_in_vm, id=17316, stack(0x00000089d5200000,0x00000089d5300000) (1024K)]

Stack: [0x00000089d5200000,0x00000089d5300000],  sp=0x00000089d52fab40,  free space=1002k
Native frames: (J=compiled Java code, j=interpreted, Vv=VM code, C=native code)
V  [jvm.dll+0x243ee0]
V  [jvm.dll+0x243d44]
V  [jvm.dll+0x1a4081]
C  0x00000251f5566ff8

The last pc belongs to counter_overflow Runtime1 stub (printed below).
Java frames: (J=compiled Java code, j=interpreted, Vv=VM code)
v  ~RuntimeStub::counter_overflow Runtime1 stub 0x00000251f5566ff8
J 12362 c1 org.eclipse.jdt.internal.compiler.lookup.TypeVariableBinding.combineTypeAnnotations(Lorg/eclipse/jdt/internal/compiler/lookup/TypeBinding;)Lorg/eclipse/jdt/internal/compiler/lookup/TypeBinding; (44 bytes) @ 0x00000251efb41083 [0x00000251efb40d80+0x0000000000000303]
J 11928 c1 org.eclipse.jdt.internal.compiler.lookup.ParameterizedGenericMethodBinding.substitute(Lorg/eclipse/jdt/internal/compiler/lookup/TypeVariableBinding;)Lorg/eclipse/jdt/internal/compiler/lookup/TypeBinding; (52 bytes) @ 0x00000251ef942654 [0x00000251ef942460+0x00000000000001f4]
J 13317 c2 org.eclipse.jdt.internal.compiler.lookup.Scope$Substitutor.substitute(Lorg/eclipse/jdt/internal/compiler/lookup/Substitution;Lorg/eclipse/jdt/internal/compiler/lookup/TypeBinding;)Lorg/eclipse/jdt/internal/compiler/lookup/TypeBinding; (850 bytes) @ 0x00000251f633af28 [0x00000251f633ae60+0x00000000000000c8]
J 13291 c2 org.eclipse.jdt.internal.compiler.lookup.Scope$Substitutor.substitute(Lorg/eclipse/jdt/internal/compiler/lookup/Substitution;[Lorg/eclipse/jdt/internal/compiler/lookup/TypeBinding;)[Lorg/eclipse/jdt/internal/compiler/lookup/TypeBinding; (92 bytes) @ 0x00000251f631b338 [0x00000251f631b240+0x00000000000000f8]
J 13049 c1 org.eclipse.jdt.internal.compiler.lookup.ParameterizedGenericMethodBinding.<init>(Lorg/eclipse/jdt/internal/compiler/lookup/MethodBinding;[Lorg/eclipse/jdt/internal/compiler/lookup/TypeBinding;Lorg/eclipse/jdt/internal/compiler/lookup/LookupEnvironment;ZZLorg/eclipse/jdt/internal/compiler/lookup/TypeBinding;)V (513 bytes) @ 0x00000251efdc1f7c [0x00000251efdc17c0+0x00000000000007bc]
j  org.eclipse.jdt.internal.compiler.lookup.PolyParameterizedGenericMethodBinding.<init>(Lorg/eclipse/jdt/internal/compiler/lookup/ParameterizedGenericMethodBinding;)V+22
J 12689 c1 org.eclipse.jdt.internal.compiler.lookup.ParameterizedGenericMethodBinding.computeCompatibleMethod18(Lorg/eclipse/jdt/internal/compiler/lookup/MethodBinding;[Lorg/eclipse/jdt/internal/compiler/lookup/TypeBinding;Lorg/eclipse/jdt/internal/compiler/lookup/Scope;Lorg/eclipse/jdt/internal/compiler/lookup/InvocationSite;)Lorg/eclipse/jdt/internal/compiler/lookup/MethodBinding; (1107 bytes) @ 0x00000251efc5c4f4 [0x00000251efc59720+0x0000000000002dd4]
J 12397 c1 org.eclipse.jdt.internal.compiler.lookup.ParameterizedGenericMethodBinding.computeCompatibleMethod(Lorg/eclipse/jdt/internal/compiler/lookup/MethodBinding;[Lorg/eclipse/jdt/internal/compiler/lookup/TypeBinding;Lorg/eclipse/jdt/internal/compiler/lookup/Scope;Lorg/eclipse/jdt/internal/compiler/lookup/InvocationSite;)Lorg/eclipse/jdt/internal/compiler/lookup/MethodBinding; (299 bytes) @ 0x00000251efb5a45c [0x00000251efb59340+0x000000000000111c]
J 11612 c1 org.eclipse.jdt.internal.compiler.lookup.Scope.computeCompatibleMethod(Lorg/eclipse/jdt/internal/compiler/lookup/MethodBinding;[Lorg/eclipse/jdt/internal/compiler/lookup/TypeBinding;Lorg/eclipse/jdt/internal/compiler/lookup/InvocationSite;Z)Lorg/eclipse/jdt/internal/compiler/lookup/MethodBinding; (455 bytes) @ 0x00000251ef81fa2c [0x00000251ef81ef80+0x0000000000000aac]
J 11624 c1 org.eclipse.jdt.internal.compiler.lookup.Scope.computeCompatibleMethod(Lorg/eclipse/jdt/internal/compiler/lookup/MethodBinding;[Lorg/eclipse/jdt/internal/compiler/lookup/TypeBinding;Lorg/eclipse/jdt/internal/compiler/lookup/InvocationSite;)Lorg/eclipse/jdt/internal/compiler/lookup/MethodBinding; (9 bytes) @ 0x00000251ef827544 [0x00000251ef8274c0+0x0000000000000084]
J 11507 c1 org.eclipse.jdt.internal.compiler.lookup.Scope.findMethod0(Lorg/eclipse/jdt/internal/compiler/lookup/ReferenceBinding;[C[Lorg/eclipse/jdt/internal/compiler/lookup/TypeBinding;Lorg/eclipse/jdt/internal/compiler/lookup/InvocationSite;Z)Lorg/eclipse/jdt/internal/compiler/lookup/MethodBinding; (1536 bytes) @ 0x00000251ef7c6fc4 [0x00000251ef7c4e20+0x00000000000021a4]
J 13227 c1 org.eclipse.jdt.internal.compiler.lookup.Scope.findMethod(Lorg/eclipse/jdt/internal/compiler/lookup/ReferenceBinding;[C[Lorg/eclipse/jdt/internal/compiler/lookup/TypeBinding;Lorg/eclipse/jdt/internal/compiler/lookup/InvocationSite;Z)Lorg/eclipse/jdt/internal/compiler/lookup/MethodBinding; (100 bytes) @ 0x00000251efe504f4 [0x00000251efe503e0+0x0000000000000114]
J 12064 c1 org.eclipse.jdt.internal.compiler.lookup.Scope.getMethod(Lorg/eclipse/jdt/internal/compiler/lookup/TypeBinding;[C[Lorg/eclipse/jdt/internal/compiler/lookup/TypeBinding;Lorg/eclipse/jdt/internal/compiler/lookup/InvocationSite;)Lorg/eclipse/jdt/internal/compiler/lookup/MethodBinding; (336 bytes) @ 0x00000251ef9fb27c [0x00000251ef9fab80+0x00000000000006fc]
J 11884 c1 org.eclipse.jdt.internal.compiler.ast.MessageSend.findMethodBinding(Lorg/eclipse/jdt/internal/compiler/lookup/BlockScope;)Lorg/eclipse/jdt/internal/compiler/lookup/TypeBinding; (170 bytes) @ 0x00000251ef8f5434 [0x00000251ef8f48c0+0x0000000000000b74]
J 11885 c1 org.eclipse.jdt.internal.compiler.ast.MessageSend.resolveType(Lorg/eclipse/jdt/internal/compiler/lookup/BlockScope;)Lorg/eclipse/jdt/internal/compiler/lookup/TypeBinding; (2131 bytes) @ 0x00000251ef8fa634 [0x00000251ef8f8fc0+0x0000000000001674]
J 11885 c1 org.eclipse.jdt.internal.compiler.ast.MessageSend.resolveType(Lorg/eclipse/jdt/internal/compiler/lookup/BlockScope;)Lorg/eclipse/jdt/internal/compiler/lookup/TypeBinding; (2131 bytes) @ 0x00000251ef8fa27c [0x00000251ef8f8fc0+0x00000000000012bc]
J 13002 c1 org.eclipse.jdt.internal.compiler.ast.ReturnStatement.resolve(Lorg/eclipse/jdt/internal/compiler/lookup/BlockScope;)V (689 bytes) @ 0x00000251efda03dc [0x00000251efd9e8c0+0x0000000000001b1c]
J 12897 c1 org.eclipse.jdt.internal.compiler.ast.ASTNode.resolveStatements([Lorg/eclipse/jdt/internal/compiler/ast/Statement;Lorg/eclipse/jdt/internal/compiler/lookup/BlockScope;)V (49 bytes) @ 0x00000251efd4454c [0x00000251efd442a0+0x00000000000002ac]
J 12454 c1 org.eclipse.jdt.internal.compiler.ast.Block.resolve(Lorg/eclipse/jdt/internal/compiler/lookup/BlockScope;)V (71 bytes) @ 0x00000251efb8c93c [0x00000251efb8c420+0x000000000000051c]
J 12090 c1 org.eclipse.jdt.internal.compiler.ast.IfStatement.resolve(Lorg/eclipse/jdt/internal/compiler/lookup/BlockScope;)V (67 bytes) @ 0x00000251efa1ef54 [0x00000251efa1ed60+0x00000000000001f4]
J 12897 c1 org.eclipse.jdt.internal.compiler.ast.ASTNode.resolveStatements([Lorg/eclipse/jdt/internal/compiler/ast/Statement;Lorg/eclipse/jdt/internal/compiler/lookup/BlockScope;)V (49 bytes) @ 0x00000251efd4454c [0x00000251efd442a0+0x00000000000002ac]
J 13356 c1 org.eclipse.jdt.internal.compiler.ast.Block.resolveUsing(Lorg/eclipse/jdt/internal/compiler/lookup/BlockScope;)V (49 bytes) @ 0x00000251efed9eec [0x00000251efed9c60+0x000000000000028c]
J 13474 c1 org.eclipse.jdt.internal.compiler.ast.TryStatement.resolve(Lorg/eclipse/jdt/internal/compiler/lookup/BlockScope;)V (1210 bytes) @ 0x00000251eff3cb64 [0x00000251eff3adc0+0x0000000000001da4]
J 12897 c1 org.eclipse.jdt.internal.compiler.ast.ASTNode.resolveStatements([Lorg/eclipse/jdt/internal/compiler/ast/Statement;Lorg/eclipse/jdt/internal/compiler/lookup/BlockScope;)V (49 bytes) @ 0x00000251efd4454c [0x00000251efd442a0+0x00000000000002ac]
J 12170 c1 org.eclipse.jdt.internal.compiler.ast.AbstractMethodDeclaration.resolveStatements()V (68 bytes) @ 0x00000251efa63894 [0x00000251efa63500+0x0000000000000394]
J 12473 c1 org.eclipse.jdt.internal.compiler.ast.MethodDeclaration.resolveStatements()V (939 bytes) @ 0x00000251efba1e4c [0x00000251efb9f100+0x0000000000002d4c]
J 12169 c1 org.eclipse.jdt.internal.compiler.ast.AbstractMethodDeclaration.resolve(Lorg/eclipse/jdt/internal/compiler/lookup/ClassScope;)V (106 bytes) @ 0x00000251efa62a34 [0x00000251efa625e0+0x0000000000000454]
J 12937 c1 org.eclipse.jdt.internal.compiler.ast.TypeDeclaration.resolve()V (1795 bytes) @ 0x00000251efd66224 [0x00000251efd5c6e0+0x0000000000009b44]
j  org.eclipse.jdt.internal.compiler.ast.TypeDeclaration.resolve(Lorg/eclipse/jdt/internal/compiler/lookup/CompilationUnitScope;)V+1
j  org.eclipse.jdt.internal.compiler.ast.CompilationUnitDeclaration.resolve()V+287
j  org.eclipse.jdt.internal.compiler.Compiler.process(Lorg/eclipse/jdt/internal/compiler/ast/CompilationUnitDeclaration;I)V+77
j  org.eclipse.jdt.internal.compiler.ProcessTaskManager.processing()V+185
j  org.eclipse.jdt.internal.compiler.ProcessTaskManager$$Lambda+0x000002518161b088.run()V+4
J 17407 c1 java.util.concurrent.Executors$RunnableAdapter.call()Ljava/lang/Object; java.base@21.0.7 (14 bytes) @ 0x00000251ee169dd4 [0x00000251ee169cc0+0x0000000000000114]
J 9550 c1 java.util.concurrent.FutureTask.run()V java.base@21.0.7 (123 bytes) @ 0x00000251ef298b2c [0x00000251ef2989a0+0x000000000000018c]
j  java.util.concurrent.ThreadPoolExecutor.runWorker(Ljava/util/concurrent/ThreadPoolExecutor$Worker;)V+92 java.base@21.0.7
j  java.util.concurrent.ThreadPoolExecutor$Worker.run()V+5 java.base@21.0.7
j  java.lang.Thread.runWith(Ljava/lang/Object;Ljava/lang/Runnable;)V+5 java.base@21.0.7
j  java.lang.Thread.run()V+19 java.base@21.0.7
v  ~StubRoutines::call_stub 0x00000251f546100d

siginfo: EXCEPTION_ACCESS_VIOLATION (0xc0000005), reading address 0xffffffffffffffff


Registers:
RAX=0x00040251c26be310, RBX=0x00000089d52fac20, RCX=0x00000089d52fac00, RDX=0x0000000000000000
RSP=0x00000089d52fab40, RBP=0x00000251c93a5240, RSI=0x00000089d52fac00, RDI=0x00000089d52fac00
R8 =0x00000000ffffffff, R9 =0x00000000ffffffff, R10=0x00000251edf30000, R11=0x0000025181624418
R12=0x0000000000000000, R13=0x0000000000000428, R14=0x00000000ffffffff, R15=0x0000000000000000
RIP=0x00007ffe20363ee0, EFLAGS=0x0000000000010202

XMM[0]=0x0000000000000000 0x0000000000000000
XMM[1]=0x0000000000000000 0x000000003f400000
XMM[2]=0x0000000000000000 0x000000004e800000
XMM[3]=0x0000000000000000 0x00000000d3c05680
XMM[4]=0x0000000000000000 0x0000000000000050
XMM[5]=0x0000000000000000 0x0000000000000049
XMM[6]=0x0000000000000000 0x00000000d3a66d78
XMM[7]=0x0000000000000000 0x0000000000000025
XMM[8]=0x0000000000000000 0x0000000000000028
XMM[9]=0x0000000000000000 0x000000000000002c
XMM[10]=0x0000000000000000 0x00000000a9ff2cee
XMM[11]=0x0000000000000000 0xe66ae847aaf76865
XMM[12]=0x0000000000000000 0x00000000c48c801e
XMM[13]=0x0000000000000000 0x00000000bebeefb2
XMM[14]=0x0000000000000000 0x00000000c0d00fd8
XMM[15]=0x0000000000000000 0x0000000000000007
  MXCSR=0x00001fa0


Register to memory mapping:

RAX=0x00040251c26be310 is an unknown value
RBX=0x00000089d52fac20 is pointing into the stack for thread: 0x00000251c93a5240
RCX=0x00000089d52fac00 is pointing into the stack for thread: 0x00000251c93a5240
RDX=0x0 is null
RSP=0x00000089d52fab40 is pointing into the stack for thread: 0x00000251c93a5240
RBP=0x00000251c93a5240 is a thread
RSI=0x00000089d52fac00 is pointing into the stack for thread: 0x00000251c93a5240
RDI=0x00000089d52fac00 is pointing into the stack for thread: 0x00000251c93a5240
R8 =0x00000000ffffffff is an unallocated location in the heap
R9 =0x00000000ffffffff is an unallocated location in the heap
R10=0x00000251edf30000 points into unknown readable memory: 0x000000000000004f | 4f 00 00 00 00 00 00 00
R11=0x0000025181624418 is pointing into metadata
R12=0x0 is null
R13=0x0000000000000428 is an unknown value
R14=0x00000000ffffffff is an unallocated location in the heap
R15=0x0 is null

Top of Stack: (sp=0x00000089d52fab40)
0x00000089d52fab40:   00000089d52fad10 00007ffe202c74a8
0x00000089d52fab50:   00000089d52fac68 00007ffe208c54a5
0x00000089d52fab60:   0000000000000003 00007ffe20363d44
0x00000089d52fab70:   00000089d52fac20 00000251812afc30
0x00000089d52fab80:   00000089d52fad10 00007ffe202c730b
0x00000089d52fab90:   00000089d52fac30 00000089d52fac30
0x00000089d52faba0:   0000000000000003 00000251efb40b90
0x00000089d52fabb0:   00000251c93a5240 00007ffe202c4081
0x00000089d52fabc0:   00040251c26be310 00000089d52facc0
0x00000089d52fabd0:   ffffffffffffffff 0000000000000000
0x00000089d52fabe0:   0000000000000003 00000251efb40b90
0x00000089d52fabf0:   00000251c93a5240 0000000000000000
0x00000089d52fac00:   00040251c26be310 00000251c93a5240
0x00000089d52fac10:   00040251c26be310 00000251c26be310
0x00000089d52fac20:   00000251c26be310 00000251c93a5240
0x00000089d52fac30:   00000089d52fd250 00000251f5566ff8
0x00000089d52fac40:   00000251f5566e90 0000000000000000
0x00000089d52fac50:   0000000000000000 00000089d52fd6e0
0x00000089d52fac60:   00000089d52fd250 00000089d52fd6f0
0x00000089d52fac70:   00000251efb41083 00000251efb40b90
0x00000089d52fac80:   0000000000000000 00007f0000000000
0x00000089d52fac90:   00000000d3df27d8 00000089d52fd6f0
0x00000089d52faca0:   00010101ffffffff 00000089d52fdb4c
0x00000089d52facb0:   00000089d52fdb40 00000089d52fdb44
0x00000089d52facc0:   00000089d52fd000 00000089d52fd004
0x00000089d52facd0:   00000089d52fd010 00000089d52fd014
0x00000089d52face0:   00000089d52fece0 00000089c293d248
0x00000089d52facf0:   00000089d52fcfc0 00000089d52fcf00
0x00000089d52fad00:   00000251c93a5240 0000000000000000
0x00000089d52fad10:   00000100ffffffff 00000089d52fded4
0x00000089d52fad20:   00000089d52fecc0 00000089d52fec00
0x00000089d52fad30:   00000251c93a5240 0000000000000000 

Instructions: (pc=0x00007ffe20363ee0)
0x00007ffe20363de0:   89 44 24 20 e8 17 09 00 00 8d 47 01 b9 04 00 00
0x00007ffe20363df0:   00 3a c1 0f b6 d8 8b 05 20 7b a4 00 0f 4f d9 83
0x00007ffe20363e00:   c0 fe 83 f8 01 76 18 48 8b 0e 0f be d3 e8 fe 9a
0x00007ffe20363e10:   43 00 84 c0 0f b6 db ba 01 00 00 00 0f 45 da 48
0x00007ffe20363e20:   8b 0e e8 b9 91 43 00 3a c3 7c 85 48 8b 16 45 8b
0x00007ffe20363e30:   c6 44 0f be cb 44 88 7c 24 20 48 8b 42 08 48 8b
0x00007ffe20363e40:   48 08 48 8b 49 18 e8 e5 05 18 00 48 8b d8 48 85
0x00007ffe20363e50:   c0 0f 84 59 ff ff ff 48 8b 10 48 8b c8 ff 92 a8
0x00007ffe20363e60:   00 00 00 3b c7 4c 0f 45 fb 49 8b c7 e9 41 ff ff
0x00007ffe20363e70:   ff cc cc cc cc cc cc cc cc cc cc cc cc cc cc cc
0x00007ffe20363e80:   48 83 ec 28 83 3d 91 7a a4 00 02 48 8b d1 74 2a
0x00007ffe20363e90:   80 3d a5 1a a5 00 00 74 21 48 8b 0d 20 75 a4 00
0x00007ffe20363ea0:   48 85 c9 74 15 80 79 10 03 75 0f e8 40 36 25 00
0x00007ffe20363eb0:   84 c0 0f 95 c0 48 83 c4 28 c3 32 c0 48 83 c4 28
0x00007ffe20363ec0:   c3 cc cc cc cc cc cc cc cc cc cc cc cc cc cc cc
0x00007ffe20363ed0:   48 89 5c 24 08 57 48 83 ec 20 48 8b 01 48 8b f9
0x00007ffe20363ee0:   48 8b 58 18 48 85 db 74 12 48 8d 4b 08 e8 0e 6c
0x00007ffe20363ef0:   19 00 48 8d 4b 0c e8 05 6c 19 00 48 8b 07 48 8b
0x00007ffe20363f00:   58 10 48 85 db 74 18 48 8d 8b cc 00 00 00 e8 ed
0x00007ffe20363f10:   6b 19 00 48 8d 8b d0 00 00 00 e8 e1 6b 19 00 48
0x00007ffe20363f20:   8b 5c 24 30 48 83 c4 20 5f c3 cc cc cc cc cc cc
0x00007ffe20363f30:   48 89 5c 24 08 48 89 6c 24 10 48 89 74 24 18 48
0x00007ffe20363f40:   89 7c 24 20 41 56 48 83 ec 20 8b 2d f8 41 9e 00
0x00007ffe20363f50:   32 db 44 0f b6 35 aa 6a 9e 00 48 8b 3d 4f 66 9e
0x00007ffe20363f60:   00 8b 35 b5 79 a4 00 85 ed 0f 84 b2 00 00 00 48
0x00007ffe20363f70:   85 ff 0f 84 a9 00 00 00 0f b6 0d bd 19 a5 00 85
0x00007ffe20363f80:   ed 74 26 48 85 ff 74 21 85 ed 74 19 48 85 ff 74
0x00007ffe20363f90:   14 45 84 f6 74 0a 48 8d 47 ff 48 83 f8 02 76 09
0x00007ffe20363fa0:   83 fe 01 74 04 84 c9 74 2a 84 c9 74 2a 85 ed 74
0x00007ffe20363fb0:   70 48 85 ff 74 21 85 ed 74 19 48 85 ff 74 14 45
0x00007ffe20363fc0:   84 f6 74 0a 48 8d 47 ff 48 83 f8 02 76 09 83 fe
0x00007ffe20363fd0:   01 74 04 b3 04 eb 4a 85 ed 74 46 48 85 ff 74 41 


Stack slot to memory mapping:

stack at sp + 0 slots: 0x00000089d52fad10 is pointing into the stack for thread: 0x00000251c93a5240
stack at sp + 1 slots: 0x00007ffe202c74a8 jvm.dll
stack at sp + 2 slots: 0x00000089d52fac68 is pointing into the stack for thread: 0x00000251c93a5240
stack at sp + 3 slots: 0x00007ffe208c54a5 jvm.dll
stack at sp + 4 slots: 0x0000000000000003 is an unknown value
stack at sp + 5 slots: 0x00007ffe20363d44 jvm.dll
stack at sp + 6 slots: 0x00000089d52fac20 is pointing into the stack for thread: 0x00000251c93a5240
stack at sp + 7 slots: 0x00000251812afc30 is a pointer to class: 
org.eclipse.jdt.internal.compiler.lookup.Substitution {0x00000251812afc38}
 - instance size:     2
 - klass size:        62
 - access:            public interface abstract 
 - flags:             rewritten should_verify_class 
 - state:             linked
 - name:              'org/eclipse/jdt/internal/compiler/lookup/Substitution'
 - super:             'java/lang/Object'
 - sub:               
 - nof implementors:  2
 - arrays:            'org/eclipse/jdt/internal/compiler/lookup/Substitution'[]
 - methods:           Array<T>(0x00000251c26bff98)
 - method ordering:   Array<T>(0x0000025180a7f568)
 - local interfaces:  Array<T>(0x00000251806115c8)
 - trans. interfaces: Array<T>(0x00000251806115c8)
 - constants:         constant pool [18] {0x00000251c26bfea8} for 'org/eclipse/jdt/internal/compiler/lookup/Substitution' cache=0x00000251c3fea810
 - class loader data:  loader data: 0x00000251c6b66460 for instance a 'org/eclipse/osgi/internal/loader/EquinoxClassLoader'{0x00000000c0412d78}
 - source file:       'Substitution.java'
 - inner classes:     Array<T>(0x00000251c26c8178)
 - nest members:     Array<T>(0x00000251c26c8190)
 - permitted subclasses:     Array<T>(0x0000025180611550)
 - java mirror:       a 'java/lang/Class'{0x00000000c0ce8c80} = 'org/eclipse/jdt/internal/compiler/lookup/Substitution'
 - vtable length      5  (start addr: 0x00000251812afdf0)
 - itable length      0 (start addr: 0x00000251812afe18)
 - ---- static fields (0 words):
 - ---- non-static fields (0 words):
 - non-static oop maps: 

--------------------------------------------------------------------------------
Decoding CodeBlob, name: counter_overflow Runtime1 stub, at  [0x00000251f5566f00, 0x00000251f5567100]  512 bytes
[MachCode]
  0x00000251f5566f00: 5548 8bec | 4881 ec80 | 0000 0048 | 8944 2478 | 4889 4c24 | 7048 8954 | 2468 4889 | 5c24 6048 
  0x00000251f5566f20: 896c 2450 | 4889 7424 | 4848 897c | 2440 4c89 | 4424 384c | 894c 2430 | 4c89 5424 | 284c 895c 
  0x00000251f5566f40: 2420 4c89 | 6424 184c | 896c 2410 | 4c89 7424 | 084c 893c | 2448 81ec | 1004 0000 | c5fb 1144 
  0x00000251f5566f60: 2428 c5fb | 114c 2430 | c5fb 1154 | 2438 c5fb | 115c 2440 | c5fb 1164 | 2448 c5fb | 116c 2450 
  0x00000251f5566f80: c5fb 1174 | 2458 c5fb | 117c 2460 | c57b 1144 | 2468 c57b | 114c 2470 | c57b 1154 | 2478 c57b 
  0x00000251f5566fa0: 119c 2480 | 0000 00c5 | 7b11 a424 | 8800 0000 | c57b 11ac | 2490 0000 | 00c5 7b11 | b424 9800 
  0x00000251f5566fc0: 0000 c57b | 11bc 24a0 | 0000 008b | 4510 488b | 5d18 488b | d04c 8bc3 | 498b cfc5 | f877 4989 
  0x00000251f5566fe0: afa8 0300 | 0049 89a7 | 9803 0000 | 48b8 003f | 2c20 fe7f | 0000 ffd0 | 49c7 8798 | 0300 0000 
  0x00000251f5567000: 0000 0049 | c787 a803 | 0000 0000 | 0000 49c7 | 87a0 0300 | 0000 0000 | 00c5 f877 | 4983 7f08 
  0x00000251f5567020: 000f 8409 | 0000 0049 | 8b47 08e9 | d0bb f6ff | c5fb 1044 | 2428 c5fb | 104c 2430 | c5fb 1054 
  0x00000251f5567040: 2438 c5fb | 105c 2440 | c5fb 1064 | 2448 c5fb | 106c 2450 | c5fb 1074 | 2458 c5fb | 107c 2460 
  0x00000251f5567060: c57b 1044 | 2468 c57b | 104c 2470 | c57b 1054 | 2478 c57b | 109c 2480 | 0000 00c5 | 7b10 a424 
  0x00000251f5567080: 8800 0000 | c57b 10ac | 2490 0000 | 00c5 7b10 | b424 9800 | 0000 c57b | 10bc 24a0 | 0000 0048 
  0x00000251f55670a0: 81c4 1004 | 0000 4c8b | 3c24 4c8b | 7424 084c | 8b6c 2410 | 4c8b 6424 | 184c 8b5c | 2420 4c8b 
  0x00000251f55670c0: 5424 284c | 8b4c 2430 | 4c8b 4424 | 3848 8b7c | 2440 488b | 7424 4848 | 8b6c 2450 | 488b 5c24 
  0x00000251f55670e0: 6048 8b54 | 2468 488b | 4c24 7048 | 8b44 2478 | 4881 c480 | 0000 00c9 | c30f 1f80 | 0000 0000 
[/MachCode]
--------------------------------------------------------------------------------


Compiled method (c1) 12392786 12362       3       org.eclipse.jdt.internal.compiler.lookup.TypeVariableBinding::combineTypeAnnotations (44 bytes)
 total in heap  [0x00000251efb40b90,0x00000251efb41288] = 1784
 relocation     [0x00000251efb40cf0,0x00000251efb40d70] = 128
 main code      [0x00000251efb40d80,0x00000251efb41108] = 904
 stub code      [0x00000251efb41108,0x00000251efb41170] = 104
 oops           [0x00000251efb41170,0x00000251efb41178] = 8
 metadata       [0x00000251efb41178,0x00000251efb41190] = 24
 scopes data    [0x00000251efb41190,0x00000251efb411d8] = 72
 scopes pcs     [0x00000251efb411d8,0x00000251efb41268] = 144
 dependencies   [0x00000251efb41268,0x00000251efb41270] = 8
 nul chk table  [0x00000251efb41270,0x00000251efb41288] = 24

[Constant Pool (empty)]

[MachCode]
[Entry Point]
  # {method} {0x00000251c26be318} 'combineTypeAnnotations' '(Lorg/eclipse/jdt/internal/compiler/lookup/TypeBinding;)Lorg/eclipse/jdt/internal/compiler/lookup/TypeBinding;' in 'org/eclipse/jdt/internal/compiler/lookup/TypeVariableBinding'
  # this:     rdx:rdx   = 'org/eclipse/jdt/internal/compiler/lookup/TypeVariableBinding'
  # parm0:    r8:r8     = 'org/eclipse/jdt/internal/compiler/lookup/TypeBinding'
  #           [sp+0x70]  (sp of caller)
  0x00000251efb40d80: 448b 5208 | 49bb 0000 | 0080 5102 | 0000 4d03 | d34c 3bd0 

  0x00000251efb40d94: ;   {runtime_call ic_miss_stub}
  0x00000251efb40d94: 0f85 e6d6 | 9605 660f | 1f44 0000 
[Verified Entry Point]
  0x00000251efb40da0: 8984 2400 | 80ff ff55 | 4883 ec60 | 4181 7f20 | 0500 0000 

  0x00000251efb40db4: ;   {runtime_call StubRoutines (final stubs)}
  0x00000251efb40db4: 7405 e825 

  0x00000251efb40db8: ;   {metadata(method data for {method} {0x00000251c26be318} 'combineTypeAnnotations' '(Lorg/eclipse/jdt/internal/compiler/lookup/TypeBinding;)Lorg/eclipse/jdt/internal/compiler/lookup/TypeBinding;' in 'org/eclipse/jdt/internal/compiler/lookup/TypeVariableBinding')}
  0x00000251efb40db8: 7c95 0548 | be00 a747 | c451 0200 | 008b becc | 0000 0083 | c702 89be | cc00 0000 | 81e7 fe07 
  0x00000251efb40dd8: 0000 85ff | 0f84 8502 | 0000 488b 

  0x00000251efb40de4: ;   {metadata(method data for {method} {0x00000251c26be318} 'combineTypeAnnotations' '(Lorg/eclipse/jdt/internal/compiler/lookup/TypeBinding;)Lorg/eclipse/jdt/internal/compiler/lookup/TypeBinding;' in 'org/eclipse/jdt/internal/compiler/lookup/TypeVariableBinding')}
  0x00000251efb40de4: f248 bf00 | a747 c451 | 0200 0048 | 8387 1001 

  0x00000251efb40df4: ;   {metadata(method data for {method} {0x00000251c260ca70} 'hasTypeAnnotations' '()Z' in 'org/eclipse/jdt/internal/compiler/lookup/TypeBinding')}
  0x00000251efb40df4: 0000 0148 | bec8 9e33 | c451 0200 | 008b becc | 0000 0083 | c702 89be | cc00 0000 | 81e7 feff 
  0x00000251efb40e14: 1f00 85ff | 0f84 6a02 | 0000 488b | 7210 49ba | 0000 2000 | 0000 0000 | 4923 f248 

  0x00000251efb40e30: ;   {metadata(method data for {method} {0x00000251c260ca70} 'hasTypeAnnotations' '()Z' in 'org/eclipse/jdt/internal/compiler/lookup/TypeBinding')}
  0x00000251efb40e30: 83fe 0048 | bec8 9e33 | c451 0200 | 0048 c7c7 | 2001 0000 | 7507 48c7 | c710 0100 | 0048 8b1c 
  0x00000251efb40e50: 3e48 8d5b | 0148 891c | 3e0f 850a | 0000 00be | 0000 0000 | e905 0000 | 00be 0100 | 0000 85f6 
  0x00000251efb40e70: ;   {metadata(method data for {method} {0x00000251c26be318} 'combineTypeAnnotations' '(Lorg/eclipse/jdt/internal/compiler/lookup/TypeBinding;)Lorg/eclipse/jdt/internal/compiler/lookup/TypeBinding;' in 'org/eclipse/jdt/internal/compiler/lookup/TypeVariableBinding')}
  0x00000251efb40e70: 48be 00a7 | 47c4 5102 | 0000 48c7 | c748 0100 | 0074 0748 | c7c7 5801 | 0000 488b | 1c3e 488d 
  0x00000251efb40e90: 5b01 4889 | 1c3e 0f84 | 6501 0000 | 4c89 4424 | 4848 8bf2 

  0x00000251efb40ea4: ;   {metadata(method data for {method} {0x00000251c26be318} 'combineTypeAnnotations' '(Lorg/eclipse/jdt/internal/compiler/lookup/TypeBinding;)Lorg/eclipse/jdt/internal/compiler/lookup/TypeBinding;' in 'org/eclipse/jdt/internal/compiler/lookup/TypeVariableBinding')}
  0x00000251efb40ea4: 48bf 00a7 | 47c4 5102 | 0000 4883 | 8768 0100 | 0001 488b | f248 8bd6 | 4889 7424 | 5066 0f1f 
  0x00000251efb40ec4: ;   {optimized virtual_call}
  0x00000251efb40ec4: 4400 00e8 

  0x00000251efb40ec8: ; ImmutableOopMap {[72]=Oop [80]=Oop }
                      ;*invokevirtual hasRelevantTypeUseNullAnnotations {reexecute=0 rethrow=0 return_oop=0}
                      ; - org.eclipse.jdt.internal.compiler.lookup.TypeVariableBinding::combineTypeAnnotations@8 (line 1174)
  0x00000251efb40ec8: b4d8 9605 

  0x00000251efb40ecc: ;   {other}
  0x00000251efb40ecc: 0f1f 8400 | 3c03 0000 

  0x00000251efb40ed4: ;   {metadata(method data for {method} {0x00000251c26be318} 'combineTypeAnnotations' '(Lorg/eclipse/jdt/internal/compiler/lookup/TypeBinding;)Lorg/eclipse/jdt/internal/compiler/lookup/TypeBinding;' in 'org/eclipse/jdt/internal/compiler/lookup/TypeVariableBinding')}
  0x00000251efb40ed4: 85c0 48ba | 00a7 47c4 | 5102 0000 | 48c7 c6a0 | 0100 0074 | 0748 c7c6 | b001 0000 | 488b 3c32 
  0x00000251efb40ef4: 488d 7f01 | 4889 3c32 | 4c8b 4424 | 480f 84b8 | 0000 0049 | 3b00 498b 

  0x00000251efb40f0c: ;   {metadata(method data for {method} {0x00000251c26be318} 'combineTypeAnnotations' '(Lorg/eclipse/jdt/internal/compiler/lookup/TypeBinding;)Lorg/eclipse/jdt/internal/compiler/lookup/TypeBinding;' in 'org/eclipse/jdt/internal/compiler/lookup/TypeVariableBinding')}
  0x00000251efb40f0c: d048 be00 | a747 c451 | 0200 008b | 5208 49ba | 0000 0080 | 5102 0000 | 4903 d248 | 3b96 d001 
  0x00000251efb40f2c: 0000 750d | 4883 86d8 | 0100 0001 | e960 0000 | 0048 3b96 | e001 0000 | 750d 4883 | 86e8 0100 
  0x00000251efb40f4c: 0001 e94a | 0000 0048 | 83be d001 | 0000 0075 | 1748 8996 | d001 0000 | 48c7 86d8 | 0100 0001 
  0x00000251efb40f6c: 0000 00e9 | 2900 0000 | 4883 bee0 | 0100 0000 | 7517 4889 | 96e0 0100 | 0048 c786 | e801 0000 
  0x00000251efb40f8c: 0100 0000 | e908 0000 | 0048 8386 | c001 0000 | 0149 8bd0 | 0f1f 4400 | 0048 b8ff | ffff ffff 
  0x00000251efb40fac: ;   {virtual_call}
  0x00000251efb40fac: ffff ffe8 

  0x00000251efb40fb0: ; ImmutableOopMap {[80]=Oop }
                      ;*invokevirtual withoutToplevelNullAnnotation {reexecute=0 rethrow=0 return_oop=0}
                      ; - org.eclipse.jdt.internal.compiler.lookup.TypeVariableBinding::combineTypeAnnotations@15 (line 1176)
  0x00000251efb40fb0: ccda 9605 

  0x00000251efb40fb4: ;   {other}
  0x00000251efb40fb4: 0f1f 8400 | 2404 0001 | 4c8b c048 | 8b54 2450 | 448b 4a1c 

  0x00000251efb40fc8: ;   {oop(a 'org/eclipse/jdt/internal/compiler/lookup/AnnotationBinding'[0] {0x00000000c0ce5130})}
  0x00000251efb40fc8: 49ba 3051 | cec0 0000 | 0000 4d3b 

  0x00000251efb40fd4: ;   {metadata(method data for {method} {0x00000251c26be318} 'combineTypeAnnotations' '(Lorg/eclipse/jdt/internal/compiler/lookup/TypeBinding;)Lorg/eclipse/jdt/internal/compiler/lookup/TypeBinding;' in 'org/eclipse/jdt/internal/compiler/lookup/TypeVariableBinding')}
  0x00000251efb40fd4: ca48 b800 | a747 c451 | 0200 0048 | c7c6 0802 | 0000 7507 | 48c7 c6f8 | 0100 0048 | 8b3c 3048 
  0x00000251efb40ff4: 8d7f 0148 | 893c 300f | 8516 0000 | 0049 8bc0 | 4883 c460 

  0x00000251efb41008: ;   {poll_return}
  0x00000251efb41008: 5d49 3ba7 | 4804 0000 | 0f87 9800 | 0000 c38b | 5264 483b | 0248 8bf2 

  0x00000251efb41020: ;   {metadata(method data for {method} {0x00000251c26be318} 'combineTypeAnnotations' '(Lorg/eclipse/jdt/internal/compiler/lookup/TypeBinding;)Lorg/eclipse/jdt/internal/compiler/lookup/TypeBinding;' in 'org/eclipse/jdt/internal/compiler/lookup/TypeVariableBinding')}
  0x00000251efb41020: 48bf 00a7 | 47c4 5102 

  0x00000251efb41028: ;   {metadata('org/eclipse/jdt/internal/compiler/lookup/LookupEnvironment')}
  0x00000251efb41028: 0000 49ba | f021 5a81 | 5102 0000 | 4c89 9728 | 0200 0048 | 8387 3002 | 0000 010f 

  0x00000251efb41044: ;   {optimized virtual_call}
  0x00000251efb41044: 1f40 00e8 

  0x00000251efb41048: ; ImmutableOopMap {}
                      ;*invokevirtual createAnnotatedType {reexecute=0 rethrow=0 return_oop=0}
                      ; - org.eclipse.jdt.internal.compiler.lookup.TypeVariableBinding::combineTypeAnnotations@38 (line 1179)
  0x00000251efb41048: 34d7 9605 

  0x00000251efb4104c: ;   {other}
  0x00000251efb4104c: 0f1f 8400 | bc04 0002 | 4883 c460 

  0x00000251efb41058: ;   {poll_return}
  0x00000251efb41058: 5d49 3ba7 | 4804 0000 | 0f87 6300 
[error occurred during error reporting (printing code blobs if possible), id 0xc0000005, EXCEPTION_ACCESS_VIOLATION (0xc0000005) at pc=0x00007ffe207c5c94]

---------------  P R O C E S S  ---------------

Threads class SMR info:
_java_thread_list=0x00000251c87d0ae0, length=36, elements={
0x00000251ead317d0, 0x00000251ff05ca20, 0x00000251ff05e320, 0x00000251ff05fea0,
0x00000251ff060db0, 0x00000251ff062b70, 0x00000251ff0655d0, 0x00000251ff066400,
0x00000251ff0d3740, 0x00000251ead9e650, 0x00000251c51001b0, 0x00000251c5b22c30,
0x00000251c5d17e70, 0x00000251c57043d0, 0x00000251c5777220, 0x00000251c5ea5490,
0x00000251c609e020, 0x00000251ff0ff770, 0x00000251ff101ed0, 0x00000251ff0ff0e0,
0x00000251ff100490, 0x00000251c794b680, 0x00000251c7948f20, 0x00000251c794a960,
0x00000251c794d0c0, 0x00000251c794aff0, 0x00000251c794bd10, 0x00000251c794c3a0,
0x00000251c7947b70, 0x00000251c93a10a0, 0x00000251c93a4bb0, 0x00000251c93a1730,
0x00000251c93a2450, 0x00000251c93a3170, 0x00000251c93a0380, 0x00000251c93a5240
}

Java Threads: ( => current thread )
  0x00000251ead317d0 JavaThread "main"                              [_thread_blocked, id=4840, stack(0x00000089d3500000,0x00000089d3600000) (1024K)]
  0x00000251ff05ca20 JavaThread "Reference Handler"          daemon [_thread_blocked, id=2080, stack(0x00000089d3900000,0x00000089d3a00000) (1024K)]
  0x00000251ff05e320 JavaThread "Finalizer"                  daemon [_thread_blocked, id=9900, stack(0x00000089d3a00000,0x00000089d3b00000) (1024K)]
  0x00000251ff05fea0 JavaThread "Signal Dispatcher"          daemon [_thread_blocked, id=11616, stack(0x00000089d3b00000,0x00000089d3c00000) (1024K)]
  0x00000251ff060db0 JavaThread "Attach Listener"            daemon [_thread_blocked, id=11192, stack(0x00000089d3c00000,0x00000089d3d00000) (1024K)]
  0x00000251ff062b70 JavaThread "Service Thread"             daemon [_thread_blocked, id=8208, stack(0x00000089d3d00000,0x00000089d3e00000) (1024K)]
  0x00000251ff0655d0 JavaThread "Monitor Deflation Thread"   daemon [_thread_blocked, id=8220, stack(0x00000089d3e00000,0x00000089d3f00000) (1024K)]
  0x00000251ff066400 JavaThread "C2 CompilerThread0"         daemon [_thread_in_native, id=928, stack(0x00000089d3f00000,0x00000089d4000000) (1024K)]
  0x00000251ff0d3740 JavaThread "C1 CompilerThread0"         daemon [_thread_blocked, id=12456, stack(0x00000089d4000000,0x00000089d4100000) (1024K)]
  0x00000251ead9e650 JavaThread "Common-Cleaner"             daemon [_thread_blocked, id=1424, stack(0x00000089d4100000,0x00000089d4200000) (1024K)]
  0x00000251c51001b0 JavaThread "Notification Thread"        daemon [_thread_blocked, id=10200, stack(0x00000089d4200000,0x00000089d4300000) (1024K)]
  0x00000251c5b22c30 JavaThread "Active Thread: Equinox Container: 5627ff45-7c46-4ce6-bb14-2d8c83f38a12"        [_thread_blocked, id=2652, stack(0x00000089d4700000,0x00000089d4800000) (1024K)]
  0x00000251c5d17e70 JavaThread "Refresh Thread: Equinox Container: 5627ff45-7c46-4ce6-bb14-2d8c83f38a12" daemon [_thread_blocked, id=12624, stack(0x00000089d4600000,0x00000089d4700000) (1024K)]
  0x00000251c57043d0 JavaThread "Framework Event Dispatcher: Equinox Container: 5627ff45-7c46-4ce6-bb14-2d8c83f38a12" daemon [_thread_blocked, id=13304, stack(0x00000089d4800000,0x00000089d4900000) (1024K)]
  0x00000251c5777220 JavaThread "Start Level: Equinox Container: 5627ff45-7c46-4ce6-bb14-2d8c83f38a12" daemon [_thread_blocked, id=10212, stack(0x00000089d4900000,0x00000089d4a00000) (1024K)]
  0x00000251c5ea5490 JavaThread "Bundle File Closer"         daemon [_thread_blocked, id=9884, stack(0x00000089d4b00000,0x00000089d4c00000) (1024K)]
  0x00000251c609e020 JavaThread "SCR Component Actor"        daemon [_thread_blocked, id=3196, stack(0x00000089d4a00000,0x00000089d4b00000) (1024K)]
  0x00000251ff0ff770 JavaThread "Worker-JM"                         [_thread_blocked, id=2920, stack(0x00000089d4e00000,0x00000089d4f00000) (1024K)]
  0x00000251ff101ed0 JavaThread "JNA Cleaner"                daemon [_thread_blocked, id=3420, stack(0x00000089d4f00000,0x00000089d5000000) (1024K)]
  0x00000251ff0ff0e0 JavaThread "Java indexing"              daemon [_thread_in_native, id=5424, stack(0x00000089d5300000,0x00000089d5400000) (1024K)]
  0x00000251ff100490 JavaThread "Worker-4: Building"                [_thread_blocked, id=5428, stack(0x00000089d5700000,0x00000089d5800000) (1024K)]
  0x00000251c794b680 JavaThread "Thread-2"                   daemon [_thread_in_native, id=8584, stack(0x00000089d5800000,0x00000089d5900000) (1024K)]
  0x00000251c7948f20 JavaThread "Thread-3"                   daemon [_thread_in_native, id=1936, stack(0x00000089d5900000,0x00000089d5a00000) (1024K)]
  0x00000251c794a960 JavaThread "Thread-4"                   daemon [_thread_in_native, id=12500, stack(0x00000089d5a00000,0x00000089d5b00000) (1024K)]
  0x00000251c794d0c0 JavaThread "Thread-5"                   daemon [_thread_in_native, id=5560, stack(0x00000089d5b00000,0x00000089d5c00000) (1024K)]
  0x00000251c794aff0 JavaThread "Thread-6"                   daemon [_thread_in_native, id=12004, stack(0x00000089d5c00000,0x00000089d5d00000) (1024K)]
  0x00000251c794bd10 JavaThread "pool-2-thread-1"                   [_thread_blocked, id=11140, stack(0x00000089d5d00000,0x00000089d5e00000) (1024K)]
  0x00000251c794c3a0 JavaThread "WorkspaceEventsHandler"            [_thread_blocked, id=12896, stack(0x00000089d5e00000,0x00000089d5f00000) (1024K)]
  0x00000251c7947b70 JavaThread "pool-1-thread-1"                   [_thread_blocked, id=4044, stack(0x00000089d5f00000,0x00000089d6000000) (1024K)]
  0x00000251c93a10a0 JavaThread "Worker-6: Updating workspace"        [_thread_blocked, id=7716, stack(0x00000089d6500000,0x00000089d6600000) (1024K)]
  0x00000251c93a4bb0 JavaThread "ForkJoinPool.commonPool-worker-5" daemon [_thread_blocked, id=16492, stack(0x00000089d3400000,0x00000089d3500000) (1024K)]
  0x00000251c93a1730 JavaThread "ForkJoinPool.commonPool-worker-6" daemon [_thread_blocked, id=14164, stack(0x00000089d4c00000,0x00000089d4d00000) (1024K)]
  0x00000251c93a2450 JavaThread "Compiler Source File Reader" daemon [_thread_blocked, id=10184, stack(0x00000089d3300000,0x00000089d3400000) (1024K)]
  0x00000251c93a3170 JavaThread "Compiler Source File Reader" daemon [_thread_blocked, id=14968, stack(0x00000089d4d00000,0x00000089d4e00000) (1024K)]
  0x00000251c93a0380 JavaThread "Worker-7"                          [_thread_blocked, id=12048, stack(0x00000089d5100000,0x00000089d5200000) (1024K)]
=>0x00000251c93a5240 JavaThread "Compiler Processing Task"   daemon [_thread_in_vm, id=17316, stack(0x00000089d5200000,0x00000089d5300000) (1024K)]
Total: 36

Other Threads:
  0x00000251eadeed60 VMThread "VM Thread"                           [id=11444, stack(0x00000089d3800000,0x00000089d3900000) (1024K)] _threads_hazard_ptr=0x00000251c87d0ae0
  0x00000251ead9d590 WatcherThread "VM Periodic Task Thread"        [id=3188, stack(0x00000089d3700000,0x00000089d3800000) (1024K)]
  0x00000251ead4fb10 WorkerThread "GC Thread#0"                     [id=8856, stack(0x00000089d3600000,0x00000089d3700000) (1024K)]
  0x00000251c5a36b50 WorkerThread "GC Thread#1"                     [id=6108, stack(0x00000089d4300000,0x00000089d4400000) (1024K)]
  0x00000251c5a5e850 WorkerThread "GC Thread#2"                     [id=4588, stack(0x00000089d4400000,0x00000089d4500000) (1024K)]
  0x00000251c5a5ebf0 WorkerThread "GC Thread#3"                     [id=7904, stack(0x00000089d4500000,0x00000089d4600000) (1024K)]
Total: 6

Threads with active compile tasks:
C2 CompilerThread0  12392857 17975       4       org.eclipse.jdt.internal.compiler.lookup.BoundSet::incorporate (1297 bytes)
C1 CompilerThread0  12392857 18018   !   3       org.eclipse.core.internal.resources.ContentDescriptionManager::getDescriptionFor (373 bytes)
Total: 2

VM state: synchronizing (normal execution)

VM Mutex/Monitor currently owned by a thread:  ([mutex/lock_event])
[0x00007ffe20dce308] Threads_lock - owner thread: 0x00000251eadeed60
[0x00007ffe20dce408] Heap_lock - owner thread: 0x00000251c93a10a0

Heap address: 0x00000000c0000000, size: 1024 MB, Compressed Oops mode: 32-bit

CDS archive(s) mapped at: [0x0000025180000000-0x0000025180ba0000-0x0000025180ba0000), size 12189696, SharedBaseAddress: 0x0000025180000000, ArchiveRelocationMode: 1.
Compressed class space mapped at: 0x0000025181000000-0x00000251c1000000, reserved size: 1073741824
Narrow klass base: 0x0000025180000000, Narrow klass shift: 0, Narrow klass range: 0x100000000

GC Precious Log:
 CardTable entry size: 512
 CPUs: 4 total, 4 available
 Memory: 7558M
 Large Page Support: Disabled
 NUMA Support: Disabled
 Compressed Oops: Enabled (32-bit)
 Alignments: Space 512K, Generation 512K, Heap 2M
 Heap Min Capacity: 100M
 Heap Initial Capacity: 100M
 Heap Max Capacity: 1G
 Pre-touch: Disabled
 Parallel Workers: 4

Heap:
 PSYoungGen      total 2048K, used 1887K [0x00000000eab00000, 0x00000000eaf00000, 0x0000000100000000)
  eden space 1536K, 99% used [0x00000000eab00000,0x00000000eac7ffe8,0x00000000eac80000)
  from space 512K, 68% used [0x00000000eae80000,0x00000000eaed8000,0x00000000eaf00000)
  to   space 1024K, 0% used [0x00000000ead00000,0x00000000ead00000,0x00000000eae00000)
 ParOldGen       total 327168K, used 326850K [0x00000000c0000000, 0x00000000d3f80000, 0x00000000eab00000)
  object space 327168K, 99% used [0x00000000c0000000,0x00000000d3f30a30,0x00000000d3f80000)
 Metaspace       used 70719K, committed 72256K, reserved 1114112K
  class space    used 6930K, committed 7616K, reserved 1048576K

Card table byte_map: [0x00000251ea5f0000,0x00000251ea800000] _byte_map_base: 0x00000251e9ff0000

Marking Bits: (ParMarkBitMap*) 0x00007ffe20dd31f0
 Begin Bits: [0x00000251fcf30000, 0x00000251fdf30000)
 End Bits:   [0x00000251fdf30000, 0x00000251fef30000)

Polling page: 0x00000251e89e0000

Metaspace:

Usage:
  Non-class:     62.29 MB used.
      Class:      6.77 MB used.
       Both:     69.06 MB used.

Virtual space:
  Non-class space:       64.00 MB reserved,      63.12 MB ( 99%) committed,  1 nodes.
      Class space:        1.00 GB reserved,       7.44 MB ( <1%) committed,  1 nodes.
             Both:        1.06 GB reserved,      70.56 MB (  6%) committed. 

Chunk freelists:
   Non-Class:  209.00 KB
       Class:  8.57 MB
        Both:  8.77 MB

MaxMetaspaceSize: unlimited
CompressedClassSpaceSize: 1.00 GB
Initial GC threshold: 21.00 MB
Current GC threshold: 114.00 MB
CDS: on
 - commit_granule_bytes: 65536.
 - commit_granule_words: 8192.
 - virtual_space_node_default_size: 8388608.
 - enlarge_chunks_in_place: 1.
 - use_allocation_guard: 0.


Internal statistics:

num_allocs_failed_limit: 9.
num_arena_births: 1422.
num_arena_deaths: 18.
num_vsnodes_births: 2.
num_vsnodes_deaths: 0.
num_space_committed: 1129.
num_space_uncommitted: 0.
num_chunks_returned_to_freelist: 29.
num_chunks_taken_from_freelist: 4807.
num_chunk_merges: 16.
num_chunk_splits: 2970.
num_chunks_enlarged: 1714.
num_inconsistent_stats: 0.

CodeHeap 'non-profiled nmethods': size=120000Kb used=14678Kb max_used=14678Kb free=105321Kb
 bounds [0x00000251f5a00000, 0x00000251f6860000, 0x00000251fcf30000]
CodeHeap 'profiled nmethods': size=120000Kb used=39803Kb max_used=41692Kb free=80196Kb
 bounds [0x00000251edf30000, 0x00000251f07f0000, 0x00000251f5460000]
CodeHeap 'non-nmethods': size=5760Kb used=1443Kb max_used=1567Kb free=4316Kb
 bounds [0x00000251f5460000, 0x00000251f56d0000, 0x00000251f5a00000]
 total_blobs=16676 nmethods=15919 adapters=660
 compilation: enabled
              stopped_count=0, restarted_count=0
 full_count=0

Compilation events (20 events):
Event: 12390.774 Thread 0x00000251d35cc850 nmethod 17943 0x00000251f6837110 code [0x00000251f6837a00, 0x00000251f683e2e0]
Event: 12390.777 Thread 0x00000251d35cc850 18001       4       org.eclipse.jdt.internal.compiler.lookup.ModuleBinding::getVisiblePackage (472 bytes)
Event: 12390.876 Thread 0x00000251ff0d3740 18010       3       org.eclipse.jdt.internal.compiler.lookup.TypeVariableBinding::internalBoundCheck (1122 bytes)
Event: 12390.886 Thread 0x00000251ff0d3740 nmethod 18010 0x00000251ef1ec690 code [0x00000251ef1ece20, 0x00000251ef1f1cd0]
Event: 12390.945 Thread 0x00000251d35cc850 nmethod 18001 0x00000251f5e6cf90 code [0x00000251f5e6d500, 0x00000251f5e70788]
Event: 12390.946 Thread 0x00000251d35cc850 17993       4       org.eclipse.jdt.internal.compiler.parser.Parser::consumeRule (7748 bytes)
Event: 12391.278 Thread 0x00000251ff0d3740 18011       2       org.eclipse.core.internal.content.ContentTypeMatcher::findContentTypeFor (39 bytes)
Event: 12391.279 Thread 0x00000251ff0d3740 nmethod 18011 0x00000251ee996490 code [0x00000251ee996680, 0x00000251ee996a40]
Event: 12391.280 Thread 0x00000251ff0d3740 18012       2       org.eclipse.core.internal.content.ContentTypeCatalog::concat (115 bytes)
Event: 12391.280 Thread 0x00000251ff0d3740 nmethod 18012 0x00000251ef133610 code [0x00000251ef1337e0, 0x00000251ef133bb0]
Event: 12391.288 Thread 0x00000251ff0d3740 18013       2       org.eclipse.core.internal.content.ContentTypeHandler::getDefaultDescription (27 bytes)
Event: 12391.289 Thread 0x00000251ff0d3740 nmethod 18013 0x00000251ef255710 code [0x00000251ef2558c0, 0x00000251ef255a70]
Event: 12391.296 Thread 0x00000251ff0d3740 18014       1       org.eclipse.core.internal.content.ContentType::getBaseType (5 bytes)
Event: 12391.297 Thread 0x00000251ff0d3740 nmethod 18014 0x00000251f5eade90 code [0x00000251f5eae020, 0x00000251f5eae0e8]
Event: 12391.442 Thread 0x00000251d35cc850 nmethod 17993 0x00000251f6843a10 code [0x00000251f6847c60, 0x00000251f684e790]
Event: 12391.446 Thread 0x00000251d35cc850 17985       4       org.eclipse.jdt.internal.compiler.codegen.CodeStream::recordPositionsFrom (813 bytes)
Event: 12391.513 Thread 0x00000251d35cc850 nmethod 17985 0x00000251f5e2bb10 code [0x00000251f5e2bd80, 0x00000251f5e2ceb0]
Event: 12391.513 Thread 0x00000251d35cc850 18009       4       org.eclipse.jdt.internal.compiler.lookup.ReferenceBinding::isProperType (25 bytes)
Event: 12391.516 Thread 0x00000251d35cc850 nmethod 18009 0x00000251f5eada90 code [0x00000251f5eadc20, 0x00000251f5eadd40]
Event: 12391.516 Thread 0x00000251d35cc850 17937       4       org.eclipse.jdt.internal.compiler.lookup.LookupEnvironment::annotateType (151 bytes)

GC Heap History (20 events):
Event: 12389.038 GC heap before
{Heap before GC invocations=1394 (full 4):
 PSYoungGen      total 2048K, used 1888K [0x00000000eab00000, 0x00000000eaf00000, 0x0000000100000000)
  eden space 1536K, 100% used [0x00000000eab00000,0x00000000eac80000,0x00000000eac80000)
  from space 512K, 68% used [0x00000000eae80000,0x00000000eaed8020,0x00000000eaf00000)
  to   space 512K, 0% used [0x00000000eae00000,0x00000000eae00000,0x00000000eae80000)
 ParOldGen       total 324096K, used 323978K [0x00000000c0000000, 0x00000000d3c80000, 0x00000000eab00000)
  object space 324096K, 99% used [0x00000000c0000000,0x00000000d3c62b98,0x00000000d3c80000)
 Metaspace       used 70605K, committed 72192K, reserved 1114112K
  class space    used 6921K, committed 7616K, reserved 1048576K
}
Event: 12389.042 GC heap after
{Heap after GC invocations=1394 (full 4):
 PSYoungGen      total 2048K, used 256K [0x00000000eab00000, 0x00000000eaf00000, 0x0000000100000000)
  eden space 1536K, 0% used [0x00000000eab00000,0x00000000eab00000,0x00000000eac80000)
  from space 512K, 50% used [0x00000000eae00000,0x00000000eae40000,0x00000000eae80000)
  to   space 512K, 0% used [0x00000000eae80000,0x00000000eae80000,0x00000000eaf00000)
 ParOldGen       total 324608K, used 324250K [0x00000000c0000000, 0x00000000d3d00000, 0x00000000eab00000)
  object space 324608K, 99% used [0x00000000c0000000,0x00000000d3ca6bb8,0x00000000d3d00000)
 Metaspace       used 70605K, committed 72192K, reserved 1114112K
  class space    used 6921K, committed 7616K, reserved 1048576K
}
Event: 12389.537 GC heap before
{Heap before GC invocations=1395 (full 4):
 PSYoungGen      total 2048K, used 1758K [0x00000000eab00000, 0x00000000eaf00000, 0x0000000100000000)
  eden space 1536K, 97% used [0x00000000eab00000,0x00000000eac77a18,0x00000000eac80000)
  from space 512K, 50% used [0x00000000eae00000,0x00000000eae40000,0x00000000eae80000)
  to   space 512K, 0% used [0x00000000eae80000,0x00000000eae80000,0x00000000eaf00000)
 ParOldGen       total 324608K, used 324250K [0x00000000c0000000, 0x00000000d3d00000, 0x00000000eab00000)
  object space 324608K, 99% used [0x00000000c0000000,0x00000000d3ca6bb8,0x00000000d3d00000)
 Metaspace       used 70623K, committed 72192K, reserved 1114112K
  class space    used 6924K, committed 7616K, reserved 1048576K
}
Event: 12389.542 GC heap after
{Heap after GC invocations=1395 (full 4):
 PSYoungGen      total 2048K, used 288K [0x00000000eab00000, 0x00000000eaf00000, 0x0000000100000000)
  eden space 1536K, 0% used [0x00000000eab00000,0x00000000eab00000,0x00000000eac80000)
  from space 512K, 56% used [0x00000000eae80000,0x00000000eaec8000,0x00000000eaf00000)
  to   space 512K, 0% used [0x00000000eae00000,0x00000000eae00000,0x00000000eae80000)
 ParOldGen       total 324608K, used 324434K [0x00000000c0000000, 0x00000000d3d00000, 0x00000000eab00000)
  object space 324608K, 99% used [0x00000000c0000000,0x00000000d3cd4bb8,0x00000000d3d00000)
 Metaspace       used 70623K, committed 72192K, reserved 1114112K
  class space    used 6924K, committed 7616K, reserved 1048576K
}
Event: 12389.628 GC heap before
{Heap before GC invocations=1396 (full 4):
 PSYoungGen      total 2048K, used 1824K [0x00000000eab00000, 0x00000000eaf00000, 0x0000000100000000)
  eden space 1536K, 100% used [0x00000000eab00000,0x00000000eac80000,0x00000000eac80000)
  from space 512K, 56% used [0x00000000eae80000,0x00000000eaec8000,0x00000000eaf00000)
  to   space 512K, 0% used [0x00000000eae00000,0x00000000eae00000,0x00000000eae80000)
 ParOldGen       total 324608K, used 324434K [0x00000000c0000000, 0x00000000d3d00000, 0x00000000eab00000)
  object space 324608K, 99% used [0x00000000c0000000,0x00000000d3cd4bb8,0x00000000d3d00000)
 Metaspace       used 70651K, committed 72192K, reserved 1114112K
  class space    used 6925K, committed 7616K, reserved 1048576K
}
Event: 12389.630 GC heap after
{Heap after GC invocations=1396 (full 4):
 PSYoungGen      total 2048K, used 352K [0x00000000eab00000, 0x00000000eaf00000, 0x0000000100000000)
  eden space 1536K, 0% used [0x00000000eab00000,0x00000000eab00000,0x00000000eac80000)
  from space 512K, 68% used [0x00000000eae00000,0x00000000eae58020,0x00000000eae80000)
  to   space 512K, 0% used [0x00000000eae80000,0x00000000eae80000,0x00000000eaf00000)
 ParOldGen       total 325120K, used 324650K [0x00000000c0000000, 0x00000000d3d80000, 0x00000000eab00000)
  object space 325120K, 99% used [0x00000000c0000000,0x00000000d3d0abc8,0x00000000d3d80000)
 Metaspace       used 70651K, committed 72192K, reserved 1114112K
  class space    used 6925K, committed 7616K, reserved 1048576K
}
Event: 12389.721 GC heap before
{Heap before GC invocations=1397 (full 4):
 PSYoungGen      total 2048K, used 1888K [0x00000000eab00000, 0x00000000eaf00000, 0x0000000100000000)
  eden space 1536K, 100% used [0x00000000eab00000,0x00000000eac80000,0x00000000eac80000)
  from space 512K, 68% used [0x00000000eae00000,0x00000000eae58020,0x00000000eae80000)
  to   space 512K, 0% used [0x00000000eae80000,0x00000000eae80000,0x00000000eaf00000)
 ParOldGen       total 325120K, used 324650K [0x00000000c0000000, 0x00000000d3d80000, 0x00000000eab00000)
  object space 325120K, 99% used [0x00000000c0000000,0x00000000d3d0abc8,0x00000000d3d80000)
 Metaspace       used 70674K, committed 72256K, reserved 1114112K
  class space    used 6928K, committed 7616K, reserved 1048576K
}
Event: 12389.726 GC heap after
{Heap after GC invocations=1397 (full 4):
 PSYoungGen      total 2048K, used 352K [0x00000000eab00000, 0x00000000eaf00000, 0x0000000100000000)
  eden space 1536K, 0% used [0x00000000eab00000,0x00000000eab00000,0x00000000eac80000)
  from space 512K, 68% used [0x00000000eae80000,0x00000000eaed8000,0x00000000eaf00000)
  to   space 512K, 0% used [0x00000000eae00000,0x00000000eae00000,0x00000000eae80000)
 ParOldGen       total 325120K, used 324850K [0x00000000c0000000, 0x00000000d3d80000, 0x00000000eab00000)
  object space 325120K, 99% used [0x00000000c0000000,0x00000000d3d3cbc8,0x00000000d3d80000)
 Metaspace       used 70674K, committed 72256K, reserved 1114112K
  class space    used 6928K, committed 7616K, reserved 1048576K
}
Event: 12389.915 GC heap before
{Heap before GC invocations=1398 (full 4):
 PSYoungGen      total 2048K, used 1888K [0x00000000eab00000, 0x00000000eaf00000, 0x0000000100000000)
  eden space 1536K, 100% used [0x00000000eab00000,0x00000000eac80000,0x00000000eac80000)
  from space 512K, 68% used [0x00000000eae80000,0x00000000eaed8000,0x00000000eaf00000)
  to   space 512K, 0% used [0x00000000eae00000,0x00000000eae00000,0x00000000eae80000)
 ParOldGen       total 325120K, used 324850K [0x00000000c0000000, 0x00000000d3d80000, 0x00000000eab00000)
  object space 325120K, 99% used [0x00000000c0000000,0x00000000d3d3cbc8,0x00000000d3d80000)
 Metaspace       used 70677K, committed 72256K, reserved 1114112K
  class space    used 6928K, committed 7616K, reserved 1048576K
}
Event: 12389.920 GC heap after
{Heap after GC invocations=1398 (full 4):
 PSYoungGen      total 2048K, used 336K [0x00000000eab00000, 0x00000000eaf00000, 0x0000000100000000)
  eden space 1536K, 0% used [0x00000000eab00000,0x00000000eab00000,0x00000000eac80000)
  from space 512K, 65% used [0x00000000eae00000,0x00000000eae54010,0x00000000eae80000)
  to   space 512K, 0% used [0x00000000eae80000,0x00000000eae80000,0x00000000eaf00000)
 ParOldGen       total 325632K, used 325144K [0x00000000c0000000, 0x00000000d3e00000, 0x00000000eab00000)
  object space 325632K, 99% used [0x00000000c0000000,0x00000000d3d86110,0x00000000d3e00000)
 Metaspace       used 70677K, committed 72256K, reserved 1114112K
  class space    used 6928K, committed 7616K, reserved 1048576K
}
Event: 12390.202 GC heap before
{Heap before GC invocations=1399 (full 4):
 PSYoungGen      total 2048K, used 1872K [0x00000000eab00000, 0x00000000eaf00000, 0x0000000100000000)
  eden space 1536K, 100% used [0x00000000eab00000,0x00000000eac80000,0x00000000eac80000)
  from space 512K, 65% used [0x00000000eae00000,0x00000000eae54010,0x00000000eae80000)
  to   space 512K, 0% used [0x00000000eae80000,0x00000000eae80000,0x00000000eaf00000)
 ParOldGen       total 325632K, used 325144K [0x00000000c0000000, 0x00000000d3e00000, 0x00000000eab00000)
  object space 325632K, 99% used [0x00000000c0000000,0x00000000d3d86110,0x00000000d3e00000)
 Metaspace       used 70677K, committed 72256K, reserved 1114112K
  class space    used 6928K, committed 7616K, reserved 1048576K
}
Event: 12390.211 GC heap after
{Heap after GC invocations=1399 (full 4):
 PSYoungGen      total 2048K, used 506K [0x00000000eab00000, 0x00000000eaf00000, 0x0000000100000000)
  eden space 1536K, 0% used [0x00000000eab00000,0x00000000eab00000,0x00000000eac80000)
  from space 512K, 98% used [0x00000000eae80000,0x00000000eaefe810,0x00000000eaf00000)
  to   space 1024K, 0% used [0x00000000ead00000,0x00000000ead00000,0x00000000eae00000)
 ParOldGen       total 325632K, used 325488K [0x00000000c0000000, 0x00000000d3e00000, 0x00000000eab00000)
  object space 325632K, 99% used [0x00000000c0000000,0x00000000d3ddc130,0x00000000d3e00000)
 Metaspace       used 70677K, committed 72256K, reserved 1114112K
  class space    used 6928K, committed 7616K, reserved 1048576K
}
Event: 12390.280 GC heap before
{Heap before GC invocations=1400 (full 4):
 PSYoungGen      total 2048K, used 2042K [0x00000000eab00000, 0x00000000eaf00000, 0x0000000100000000)
  eden space 1536K, 100% used [0x00000000eab00000,0x00000000eac80000,0x00000000eac80000)
  from space 512K, 98% used [0x00000000eae80000,0x00000000eaefe810,0x00000000eaf00000)
  to   space 1024K, 0% used [0x00000000ead00000,0x00000000ead00000,0x00000000eae00000)
 ParOldGen       total 325632K, used 325488K [0x00000000c0000000, 0x00000000d3e00000, 0x00000000eab00000)
  object space 325632K, 99% used [0x00000000c0000000,0x00000000d3ddc130,0x00000000d3e00000)
 Metaspace       used 70678K, committed 72256K, reserved 1114112K
  class space    used 6928K, committed 7616K, reserved 1048576K
}
Event: 12390.285 GC heap after
{Heap after GC invocations=1400 (full 4):
 PSYoungGen      total 2560K, used 320K [0x00000000eab00000, 0x00000000eaf00000, 0x0000000100000000)
  eden space 1536K, 0% used [0x00000000eab00000,0x00000000eab00000,0x00000000eac80000)
  from space 1024K, 31% used [0x00000000ead00000,0x00000000ead50000,0x00000000eae00000)
  to   space 512K, 0% used [0x00000000eae80000,0x00000000eae80000,0x00000000eaf00000)
 ParOldGen       total 326144K, used 325872K [0x00000000c0000000, 0x00000000d3e80000, 0x00000000eab00000)
  object space 326144K, 99% used [0x00000000c0000000,0x00000000d3e3c150,0x00000000d3e80000)
 Metaspace       used 70678K, committed 72256K, reserved 1114112K
  class space    used 6928K, committed 7616K, reserved 1048576K
}
Event: 12390.500 GC heap before
{Heap before GC invocations=1401 (full 4):
 PSYoungGen      total 2560K, used 1856K [0x00000000eab00000, 0x00000000eaf00000, 0x0000000100000000)
  eden space 1536K, 100% used [0x00000000eab00000,0x00000000eac80000,0x00000000eac80000)
  from space 1024K, 31% used [0x00000000ead00000,0x00000000ead50000,0x00000000eae00000)
  to   space 512K, 0% used [0x00000000eae80000,0x00000000eae80000,0x00000000eaf00000)
 ParOldGen       total 326144K, used 325872K [0x00000000c0000000, 0x00000000d3e80000, 0x00000000eab00000)
  object space 326144K, 99% used [0x00000000c0000000,0x00000000d3e3c150,0x00000000d3e80000)
 Metaspace       used 70678K, committed 72256K, reserved 1114112K
  class space    used 6928K, committed 7616K, reserved 1048576K
}
Event: 12390.505 GC heap after
{Heap after GC invocations=1401 (full 4):
 PSYoungGen      total 2048K, used 343K [0x00000000eab00000, 0x00000000eaf00000, 0x0000000100000000)
  eden space 1536K, 0% used [0x00000000eab00000,0x00000000eab00000,0x00000000eac80000)
  from space 512K, 67% used [0x00000000eae80000,0x00000000eaed5dd0,0x00000000eaf00000)
  to   space 512K, 0% used [0x00000000eae00000,0x00000000eae00000,0x00000000eae80000)
 ParOldGen       total 326144K, used 326008K [0x00000000c0000000, 0x00000000d3e80000, 0x00000000eab00000)
  object space 326144K, 99% used [0x00000000c0000000,0x00000000d3e5e150,0x00000000d3e80000)
 Metaspace       used 70678K, committed 72256K, reserved 1114112K
  class space    used 6928K, committed 7616K, reserved 1048576K
}
Event: 12390.697 GC heap before
{Heap before GC invocations=1402 (full 4):
 PSYoungGen      total 2048K, used 1879K [0x00000000eab00000, 0x00000000eaf00000, 0x0000000100000000)
  eden space 1536K, 100% used [0x00000000eab00000,0x00000000eac80000,0x00000000eac80000)
  from space 512K, 67% used [0x00000000eae80000,0x00000000eaed5dd0,0x00000000eaf00000)
  to   space 512K, 0% used [0x00000000eae00000,0x00000000eae00000,0x00000000eae80000)
 ParOldGen       total 326144K, used 326008K [0x00000000c0000000, 0x00000000d3e80000, 0x00000000eab00000)
  object space 326144K, 99% used [0x00000000c0000000,0x00000000d3e5e150,0x00000000d3e80000)
 Metaspace       used 70702K, committed 72256K, reserved 1114112K
  class space    used 6928K, committed 7616K, reserved 1048576K
}
Event: 12390.702 GC heap after
{Heap after GC invocations=1402 (full 4):
 PSYoungGen      total 2048K, used 512K [0x00000000eab00000, 0x00000000eaf00000, 0x0000000100000000)
  eden space 1536K, 0% used [0x00000000eab00000,0x00000000eab00000,0x00000000eac80000)
  from space 512K, 100% used [0x00000000eae00000,0x00000000eae80000,0x00000000eae80000)
  to   space 512K, 0% used [0x00000000eae80000,0x00000000eae80000,0x00000000eaf00000)
 ParOldGen       total 326656K, used 326382K [0x00000000c0000000, 0x00000000d3f00000, 0x00000000eab00000)
  object space 326656K, 99% used [0x00000000c0000000,0x00000000d3ebb970,0x00000000d3f00000)
 Metaspace       used 70702K, committed 72256K, reserved 1114112K
  class space    used 6928K, committed 7616K, reserved 1048576K
}
Event: 12390.748 GC heap before
{Heap before GC invocations=1403 (full 4):
 PSYoungGen      total 2048K, used 2048K [0x00000000eab00000, 0x00000000eaf00000, 0x0000000100000000)
  eden space 1536K, 100% used [0x00000000eab00000,0x00000000eac80000,0x00000000eac80000)
  from space 512K, 100% used [0x00000000eae00000,0x00000000eae80000,0x00000000eae80000)
  to   space 512K, 0% used [0x00000000eae80000,0x00000000eae80000,0x00000000eaf00000)
 ParOldGen       total 326656K, used 326382K [0x00000000c0000000, 0x00000000d3f00000, 0x00000000eab00000)
  object space 326656K, 99% used [0x00000000c0000000,0x00000000d3ebb970,0x00000000d3f00000)
 Metaspace       used 70702K, committed 72256K, reserved 1114112K
  class space    used 6928K, committed 7616K, reserved 1048576K
}
Event: 12390.755 GC heap after
{Heap after GC invocations=1403 (full 4):
 PSYoungGen      total 2048K, used 352K [0x00000000eab00000, 0x00000000eaf00000, 0x0000000100000000)
  eden space 1536K, 0% used [0x00000000eab00000,0x00000000eab00000,0x00000000eac80000)
  from space 512K, 68% used [0x00000000eae80000,0x00000000eaed8000,0x00000000eaf00000)
  to   space 1024K, 0% used [0x00000000ead00000,0x00000000ead00000,0x00000000eae00000)
 ParOldGen       total 327168K, used 326850K [0x00000000c0000000, 0x00000000d3f80000, 0x00000000eab00000)
  object space 327168K, 99% used [0x00000000c0000000,0x00000000d3f30a30,0x00000000d3f80000)
 Metaspace       used 70702K, committed 72256K, reserved 1114112K
  class space    used 6928K, committed 7616K, reserved 1048576K
}

Dll operation events (10 events):
Event: 0.018 Loaded shared library c:\Users\admin\.vscode\extensions\redhat.java-1.42.0-win32-x64\jre\21.0.7-win32-x86_64\bin\java.dll
Event: 0.299 Loaded shared library c:\Users\admin\.vscode\extensions\redhat.java-1.42.0-win32-x64\jre\21.0.7-win32-x86_64\bin\zip.dll
Event: 0.363 Loaded shared library C:\Users\admin\.vscode\extensions\redhat.java-1.42.0-win32-x64\jre\21.0.7-win32-x86_64\bin\instrument.dll
Event: 0.402 Loaded shared library C:\Users\admin\.vscode\extensions\redhat.java-1.42.0-win32-x64\jre\21.0.7-win32-x86_64\bin\net.dll
Event: 0.410 Loaded shared library C:\Users\admin\.vscode\extensions\redhat.java-1.42.0-win32-x64\jre\21.0.7-win32-x86_64\bin\nio.dll
Event: 0.419 Loaded shared library C:\Users\admin\.vscode\extensions\redhat.java-1.42.0-win32-x64\jre\21.0.7-win32-x86_64\bin\zip.dll
Event: 0.532 Loaded shared library C:\Users\admin\.vscode\extensions\redhat.java-1.42.0-win32-x64\jre\21.0.7-win32-x86_64\bin\jimage.dll
Event: 0.709 Loaded shared library c:\Users\admin\.vscode\extensions\redhat.java-1.42.0-win32-x64\jre\21.0.7-win32-x86_64\bin\verify.dll
Event: 9.544 Loaded shared library C:\Users\admin\AppData\Roaming\Code\User\globalStorage\redhat.java\1.42.0\config_win\org.eclipse.equinox.launcher\org.eclipse.equinox.launcher.win32.win32.x86_64_1.2.1300.v20250331-1702\eclipse_11911.dll
Event: 23.151 Loaded shared library C:\Users\admin\AppData\Local\Temp\jna-92668751\jna6965976234426747453.dll

Deoptimization events (20 events):
Event: 12390.514 Thread 0x00000251c93a5240 Uncommon trap: trap_request=0xffffffde fr.pc=0x00000251f5f42374 relative=0x00000000000018b4
Event: 12390.515 Thread 0x00000251c93a5240 Uncommon trap: reason=class_check action=maybe_recompile pc=0x00000251f5f42374 method=org.eclipse.jdt.internal.compiler.parser.Parser.consumeRule(I)V @ 6100 c2
Event: 12390.515 Thread 0x00000251c93a5240 DEOPT PACKING pc=0x00000251f5f42374 sp=0x00000089d52fedb0
Event: 12390.515 Thread 0x00000251c93a5240 DEOPT UNPACKING pc=0x00000251f54b3aa2 sp=0x00000089d52fed40 mode 2
Event: 12390.516 Thread 0x00000251c93a5240 Uncommon trap: trap_request=0xffffffde fr.pc=0x00000251f5f42374 relative=0x00000000000018b4
Event: 12390.516 Thread 0x00000251c93a5240 Uncommon trap: reason=class_check action=maybe_recompile pc=0x00000251f5f42374 method=org.eclipse.jdt.internal.compiler.parser.Parser.consumeRule(I)V @ 6100 c2
Event: 12390.516 Thread 0x00000251c93a5240 DEOPT PACKING pc=0x00000251f5f42374 sp=0x00000089d52fedb0
Event: 12390.516 Thread 0x00000251c93a5240 DEOPT UNPACKING pc=0x00000251f54b3aa2 sp=0x00000089d52fed40 mode 2
Event: 12390.527 Thread 0x00000251ff100490 Uncommon trap: trap_request=0xffffff45 fr.pc=0x00000251f5ec0070 relative=0x0000000000000650
Event: 12390.527 Thread 0x00000251ff100490 Uncommon trap: reason=unstable_if action=reinterpret pc=0x00000251f5ec0070 method=org.eclipse.jdt.internal.compiler.classfmt.JavaBinaryNames.isClinit([C)Z @ 12 c2
Event: 12390.527 Thread 0x00000251ff100490 DEOPT PACKING pc=0x00000251f5ec0070 sp=0x00000089d57fe200
Event: 12390.527 Thread 0x00000251ff100490 DEOPT UNPACKING pc=0x00000251f54b3aa2 sp=0x00000089d57fe168 mode 2
Event: 12390.527 Thread 0x00000251ff100490 Uncommon trap: trap_request=0xffffff45 fr.pc=0x00000251f5e66a50 relative=0x00000000000005b0
Event: 12390.527 Thread 0x00000251ff100490 Uncommon trap: reason=unstable_if action=reinterpret pc=0x00000251f5e66a50 method=org.eclipse.jdt.internal.compiler.classfmt.MethodInfo.getMethodDescriptor()[C @ 4 c2
Event: 12390.527 Thread 0x00000251ff100490 DEOPT PACKING pc=0x00000251f5e66a50 sp=0x00000089d57fe160
Event: 12390.527 Thread 0x00000251ff100490 DEOPT UNPACKING pc=0x00000251f54b3aa2 sp=0x00000089d57fe128 mode 2
Event: 12390.527 Thread 0x00000251ff100490 Uncommon trap: trap_request=0xffffff45 fr.pc=0x00000251f5ebea9c relative=0x000000000000007c
Event: 12390.527 Thread 0x00000251ff100490 Uncommon trap: reason=unstable_if action=reinterpret pc=0x00000251f5ebea9c method=org.eclipse.jdt.internal.compiler.classfmt.MethodInfo.getExceptionTypeNames()[[C @ 4 c2
Event: 12390.527 Thread 0x00000251ff100490 DEOPT PACKING pc=0x00000251f5ebea9c sp=0x00000089d57fe190
Event: 12390.527 Thread 0x00000251ff100490 DEOPT UNPACKING pc=0x00000251f54b3aa2 sp=0x00000089d57fe130 mode 2

Classes loaded (20 events):
Event: 331.669 Loading class java/io/ObjectOutputStream$HandleTable
Event: 331.670 Loading class java/io/ObjectOutputStream$HandleTable done
Event: 331.670 Loading class java/io/ObjectOutputStream$ReplaceTable
Event: 331.670 Loading class java/io/ObjectOutputStream$ReplaceTable done
Event: 331.674 Loading class java/nio/charset/CharacterCodingException
Event: 331.674 Loading class java/nio/charset/CharacterCodingException done
Event: 12383.766 Loading class java/io/SequenceInputStream
Event: 12383.768 Loading class java/io/SequenceInputStream done
Event: 12383.832 Loading class org/xml/sax/SAXNotRecognizedException
Event: 12383.833 Loading class org/xml/sax/SAXNotRecognizedException done
Event: 12383.833 Loading class org/xml/sax/SAXNotSupportedException
Event: 12383.833 Loading class org/xml/sax/SAXNotSupportedException done
Event: 12383.851 Loading class com/sun/org/apache/xerces/internal/util/URI
Event: 12383.855 Loading class com/sun/org/apache/xerces/internal/util/URI done
Event: 12383.864 Loading class com/sun/org/apache/xerces/internal/xni/XNIException
Event: 12383.864 Loading class com/sun/org/apache/xerces/internal/xni/XNIException done
Event: 12383.869 Loading class com/sun/org/apache/xerces/internal/xni/parser/XMLParseException
Event: 12383.869 Loading class com/sun/org/apache/xerces/internal/xni/parser/XMLParseException done
Event: 12388.152 Loading class jdk/internal/module/IllegalAccessLogger
Event: 12388.152 Loading class jdk/internal/module/IllegalAccessLogger done

Classes unloaded (9 events):
Event: 23.847 Thread 0x00000251eadeed60 Unloading class 0x00000251811a4c00 'java/lang/invoke/LambdaForm$MH+0x00000251811a4c00'
Event: 23.847 Thread 0x00000251eadeed60 Unloading class 0x00000251811a4800 'java/lang/invoke/LambdaForm$MH+0x00000251811a4800'
Event: 23.847 Thread 0x00000251eadeed60 Unloading class 0x00000251811a4400 'java/lang/invoke/LambdaForm$MH+0x00000251811a4400'
Event: 23.847 Thread 0x00000251eadeed60 Unloading class 0x00000251811a4000 'java/lang/invoke/LambdaForm$MH+0x00000251811a4000'
Event: 23.847 Thread 0x00000251eadeed60 Unloading class 0x00000251811a3c00 'java/lang/invoke/LambdaForm$BMH+0x00000251811a3c00'
Event: 23.847 Thread 0x00000251eadeed60 Unloading class 0x00000251811a3800 'java/lang/invoke/LambdaForm$DMH+0x00000251811a3800'
Event: 23.847 Thread 0x00000251eadeed60 Unloading class 0x00000251811a2400 'java/lang/invoke/LambdaForm$DMH+0x00000251811a2400'
Event: 125.491 Thread 0x00000251eadeed60 Unloading class 0x00000251816bcc00 'java/lang/invoke/LambdaForm$DMH+0x00000251816bcc00'
Event: 125.491 Thread 0x00000251eadeed60 Unloading class 0x00000251816bc400 'java/lang/invoke/LambdaForm$DMH+0x00000251816bc400'

Classes redefined (0 events):
No events

Internal exceptions (20 events):
Event: 130.262 Thread 0x00000251ff0ff0e0 Implicit null exception at 0x00000251f65c9160 to 0x00000251f65cad2c
Event: 130.285 Thread 0x00000251ff0ff0e0 Exception <a 'sun/nio/fs/WindowsException'{0x00000000eada5280}> (0x00000000eada5280) 
thrown [s\src\hotspot\share\prims\jni.cpp, line 520]
Event: 130.412 Thread 0x00000251c93a3170 Exception <a 'sun/nio/fs/WindowsException'{0x00000000eab1e888}> (0x00000000eab1e888) 
thrown [s\src\hotspot\share\prims\jni.cpp, line 520]
Event: 130.412 Thread 0x00000251c93a3170 Exception <a 'sun/nio/fs/WindowsException'{0x00000000eab1f168}> (0x00000000eab1f168) 
thrown [s\src\hotspot\share\prims\jni.cpp, line 520]
Event: 130.418 Thread 0x00000251c93a3170 Exception <a 'sun/nio/fs/WindowsException'{0x00000000eabb1cc0}> (0x00000000eabb1cc0) 
thrown [s\src\hotspot\share\prims\jni.cpp, line 520]
Event: 130.418 Thread 0x00000251c93a3170 Exception <a 'sun/nio/fs/WindowsException'{0x00000000eabb25a0}> (0x00000000eabb25a0) 
thrown [s\src\hotspot\share\prims\jni.cpp, line 520]
Event: 130.421 Thread 0x00000251c93a3170 Exception <a 'sun/nio/fs/WindowsException'{0x00000000eabb3d78}> (0x00000000eabb3d78) 
thrown [s\src\hotspot\share\prims\jni.cpp, line 520]
Event: 130.421 Thread 0x00000251c93a3170 Exception <a 'sun/nio/fs/WindowsException'{0x00000000eabb4658}> (0x00000000eabb4658) 
thrown [s\src\hotspot\share\prims\jni.cpp, line 520]
Event: 130.458 Thread 0x00000251c93a3170 Exception <a 'sun/nio/fs/WindowsException'{0x00000000eae676d8}> (0x00000000eae676d8) 
thrown [s\src\hotspot\share\prims\jni.cpp, line 520]
Event: 130.458 Thread 0x00000251c93a3170 Exception <a 'sun/nio/fs/WindowsException'{0x00000000eae70fd0}> (0x00000000eae70fd0) 
thrown [s\src\hotspot\share\prims\jni.cpp, line 520]
Event: 331.725 Thread 0x00000251c93a10a0 Exception <a 'java/lang/NoSuchMethodError'{0x00000000eabbdfa0}: static [J.<clinit>()V> (0x00000000eabbdfa0) 
thrown [s\src\hotspot\share\prims\jni.cpp, line 1111]
Event: 331.741 Thread 0x00000251c93a10a0 Exception <a 'java/lang/NoSuchMethodError'{0x00000000eac0b9d8}: 'java.lang.Object java.lang.invoke.DirectMethodHandle$Holder.newInvokeSpecial(java.lang.Object, java.lang.Object, java.lang.Object, java.lang.Object, java.lang.Object, java.lang.Object, java.lang.Object, java.lang.Object)'> (0x00000000eac0b9d8) 
thrown [s\src\hotspot\share\interpreter\linkResolver.cpp, line 773]
Event: 12312.945 Thread 0x00000251c93a4520 Exception <a 'java/lang/NoSuchMethodError'{0x00000000ead5bd40}: 'java.lang.Object java.lang.invoke.DirectMethodHandle$Holder.invokeStaticInit(java.lang.Object, java.lang.Object, java.lang.Object)'> (0x00000000ead5bd40) 
thrown [s\src\hotspot\share\interpreter\linkResolver.cpp, line 773]
Event: 12314.407 Thread 0x00000251c93a4520 Exception <a 'java/lang/IncompatibleClassChangeError'{0x00000000ead0a5a0}: Found class java.lang.Object, but interface was expected> (0x00000000ead0a5a0) 
thrown [s\src\hotspot\share\interpreter\linkResolver.cpp, line 840]
Event: 12317.991 Thread 0x00000251c93a4520 Implicit null exception at 0x00000251f6270ecb to 0x00000251f6271344
Event: 12318.136 Thread 0x00000251c93a4520 Implicit null exception at 0x00000251f629f8d4 to 0x00000251f62a28a8
Event: 12318.190 Thread 0x00000251c93a4520 Implicit null exception at 0x00000251f604040b to 0x00000251f6041aa8
Event: 12383.950 Thread 0x00000251c794c3a0 Exception <a 'java/io/FileNotFoundException'{0x00000000eab77730}> (0x00000000eab77730) 
thrown [s\src\hotspot\share\prims\jni.cpp, line 520]
Event: 12383.951 Thread 0x00000251c794c3a0 Exception <a 'java/io/FileNotFoundException'{0x00000000eab78748}> (0x00000000eab78748) 
thrown [s\src\hotspot\share\prims\jni.cpp, line 520]
Event: 12383.954 Thread 0x00000251c794c3a0 Implicit null exception at 0x00000251f674e9e8 to 0x00000251f674f294

ZGC Phase Switch (0 events):
No events

VM Operations (20 events):
Event: 12389.038 Executing VM operation: ParallelGCFailedAllocation (Allocation Failure)
Event: 12389.042 Executing VM operation: ParallelGCFailedAllocation (Allocation Failure) done
Event: 12389.537 Executing VM operation: ParallelGCFailedAllocation (Allocation Failure)
Event: 12389.542 Executing VM operation: ParallelGCFailedAllocation (Allocation Failure) done
Event: 12389.599 Executing VM operation: ParallelGCFailedAllocation (Allocation Failure)
Event: 12389.631 Executing VM operation: ParallelGCFailedAllocation (Allocation Failure) done
Event: 12389.721 Executing VM operation: ParallelGCFailedAllocation (Allocation Failure)
Event: 12389.726 Executing VM operation: ParallelGCFailedAllocation (Allocation Failure) done
Event: 12389.914 Executing VM operation: ParallelGCFailedAllocation (Allocation Failure)
Event: 12389.921 Executing VM operation: ParallelGCFailedAllocation (Allocation Failure) done
Event: 12390.202 Executing VM operation: ParallelGCFailedAllocation (Allocation Failure)
Event: 12390.212 Executing VM operation: ParallelGCFailedAllocation (Allocation Failure) done
Event: 12390.280 Executing VM operation: ParallelGCFailedAllocation (Allocation Failure)
Event: 12390.285 Executing VM operation: ParallelGCFailedAllocation (Allocation Failure) done
Event: 12390.499 Executing VM operation: ParallelGCFailedAllocation (Allocation Failure)
Event: 12390.505 Executing VM operation: ParallelGCFailedAllocation (Allocation Failure) done
Event: 12390.697 Executing VM operation: ParallelGCFailedAllocation (Allocation Failure)
Event: 12390.702 Executing VM operation: ParallelGCFailedAllocation (Allocation Failure) done
Event: 12390.748 Executing VM operation: ParallelGCFailedAllocation (Allocation Failure)
Event: 12390.755 Executing VM operation: ParallelGCFailedAllocation (Allocation Failure) done

Memory protections (0 events):
No events

Nmethod flushes (20 events):
Event: 125.696 Thread 0x00000251eadeed60 flushing  nmethod 0x00000251ef3f8010
Event: 125.696 Thread 0x00000251eadeed60 flushing  nmethod 0x00000251ef400310
Event: 125.696 Thread 0x00000251eadeed60 flushing  nmethod 0x00000251ef400d10
Event: 125.696 Thread 0x00000251eadeed60 flushing  nmethod 0x00000251ef407290
Event: 125.696 Thread 0x00000251eadeed60 flushing  nmethod 0x00000251ef40e110
Event: 125.696 Thread 0x00000251eadeed60 flushing  nmethod 0x00000251ef40e790
Event: 125.696 Thread 0x00000251eadeed60 flushing  nmethod 0x00000251ef40f710
Event: 125.696 Thread 0x00000251eadeed60 flushing  nmethod 0x00000251ef41af10
Event: 125.696 Thread 0x00000251eadeed60 flushing  nmethod 0x00000251ef41d110
Event: 125.696 Thread 0x00000251eadeed60 flushing  nmethod 0x00000251ef41e810
Event: 125.696 Thread 0x00000251eadeed60 flushing  nmethod 0x00000251ef422f10
Event: 125.696 Thread 0x00000251eadeed60 flushing  nmethod 0x00000251ef42ec90
Event: 125.696 Thread 0x00000251eadeed60 flushing  nmethod 0x00000251ef431d10
Event: 125.696 Thread 0x00000251eadeed60 flushing  nmethod 0x00000251ef432c90
Event: 125.696 Thread 0x00000251eadeed60 flushing  nmethod 0x00000251ef433490
Event: 125.696 Thread 0x00000251eadeed60 flushing  nmethod 0x00000251ef435490
Event: 125.696 Thread 0x00000251eadeed60 flushing  nmethod 0x00000251ef436410
Event: 125.696 Thread 0x00000251eadeed60 flushing  nmethod 0x00000251ef452790
Event: 125.696 Thread 0x00000251eadeed60 flushing  nmethod 0x00000251ef459910
Event: 125.696 Thread 0x00000251eadeed60 flushing  nmethod 0x00000251ef467e10

Events (20 events):
Event: 337.934 Thread 0x00000251c7946e50 Thread exited: 0x00000251c7946e50
Event: 383.245 Thread 0x00000251c8b66170 Thread exited: 0x00000251c8b66170
Event: 397.913 Thread 0x00000251c794e470 Thread exited: 0x00000251c794e470
Event: 397.926 Thread 0x00000251c79474e0 Thread exited: 0x00000251c79474e0
Event: 398.142 Thread 0x00000251c8b62cf0 Thread exited: 0x00000251c8b62cf0
Event: 12311.727 Thread 0x00000251c7947b70 Thread added: 0x00000251c93a4520
Event: 12313.375 Thread 0x00000251c93a4520 Thread added: 0x00000251c93a4bb0
Event: 12313.376 Thread 0x00000251c93a4520 Thread added: 0x00000251c93a1730
Event: 12315.763 Thread 0x00000251ff0d3740 Thread added: 0x00000251c6753cb0
Event: 12323.434 Thread 0x00000251c6753cb0 Thread exited: 0x00000251c6753cb0
Event: 12378.407 Thread 0x00000251c93a4520 Thread exited: 0x00000251c93a4520
Event: 12384.175 Thread 0x00000251ff066400 Thread added: 0x00000251d35cd5f0
Event: 12384.562 Thread 0x00000251d35cd5f0 Thread exited: 0x00000251d35cd5f0
Event: 12385.761 Thread 0x00000251ff100490 Thread added: 0x00000251c93a2450
Event: 12385.761 Thread 0x00000251ff100490 Thread added: 0x00000251c93a3170
Event: 12386.068 Thread 0x00000251ff0d3740 Thread added: 0x00000251d35cb3e0
Event: 12387.268 Thread 0x00000251c93a10a0 Thread added: 0x00000251c93a0380
Event: 12388.160 Thread 0x00000251ff100490 Thread added: 0x00000251c93a5240
Event: 12388.962 Thread 0x00000251d35cb3e0 Thread exited: 0x00000251d35cb3e0
Event: 12389.241 Thread 0x00000251ff0d3740 Thread added: 0x00000251d35cc850


Dynamic libraries:
0x00007ff795ec0000 - 0x00007ff795ece000 	c:\Users\admin\.vscode\extensions\redhat.java-1.42.0-win32-x64\jre\21.0.7-win32-x86_64\bin\java.exe
0x00007ffea5930000 - 0x00007ffea5b28000 	C:\Windows\SYSTEM32\ntdll.dll
0x00007ffea5780000 - 0x00007ffea5842000 	C:\Windows\System32\KERNEL32.DLL
0x00007ffea3290000 - 0x00007ffea358f000 	C:\Windows\System32\KERNELBASE.dll
0x00007ffea3190000 - 0x00007ffea3290000 	C:\Windows\System32\ucrtbase.dll
0x00007ffe85120000 - 0x00007ffe85138000 	c:\Users\admin\.vscode\extensions\redhat.java-1.42.0-win32-x64\jre\21.0.7-win32-x86_64\bin\jli.dll
0x00007ffea4790000 - 0x00007ffea492d000 	C:\Windows\System32\USER32.dll
0x00007ffea36e0000 - 0x00007ffea3702000 	C:\Windows\System32\win32u.dll
0x00007ffea3a80000 - 0x00007ffea3aab000 	C:\Windows\System32\GDI32.dll
0x00007ffea3590000 - 0x00007ffea36aa000 	C:\Windows\System32\gdi32full.dll
0x00007ffea30f0000 - 0x00007ffea318d000 	C:\Windows\System32\msvcp_win.dll
0x00007ffe84ff0000 - 0x00007ffe8500e000 	c:\Users\admin\.vscode\extensions\redhat.java-1.42.0-win32-x64\jre\21.0.7-win32-x86_64\bin\VCRUNTIME140.dll
0x00007ffea2420000 - 0x00007ffea26ba000 	C:\Windows\WinSxS\amd64_microsoft.windows.common-controls_6595b64144ccf1df_6.0.19041.4355_none_60b8b9eb71f62e16\COMCTL32.dll
0x00007ffea5850000 - 0x00007ffea58ee000 	C:\Windows\System32\msvcrt.dll
0x00007ffea4f50000 - 0x00007ffea4f7f000 	C:\Windows\System32\IMM32.DLL
0x00007ffe9ad40000 - 0x00007ffe9ad4c000 	c:\Users\admin\.vscode\extensions\redhat.java-1.42.0-win32-x64\jre\21.0.7-win32-x86_64\bin\vcruntime140_1.dll
0x00007ffe6e610000 - 0x00007ffe6e69d000 	c:\Users\admin\.vscode\extensions\redhat.java-1.42.0-win32-x64\jre\21.0.7-win32-x86_64\bin\msvcp140.dll
0x00007ffe20120000 - 0x00007ffe20eb0000 	c:\Users\admin\.vscode\extensions\redhat.java-1.42.0-win32-x64\jre\21.0.7-win32-x86_64\bin\server\jvm.dll
0x00007ffea4500000 - 0x00007ffea45af000 	C:\Windows\System32\ADVAPI32.dll
0x00007ffea4670000 - 0x00007ffea470f000 	C:\Windows\System32\sechost.dll
0x00007ffea4220000 - 0x00007ffea4343000 	C:\Windows\System32\RPCRT4.dll
0x00007ffea36b0000 - 0x00007ffea36d7000 	C:\Windows\System32\bcrypt.dll
0x00007ffea4430000 - 0x00007ffea449b000 	C:\Windows\System32\WS2_32.dll
0x00007ffea2e30000 - 0x00007ffea2e7b000 	C:\Windows\SYSTEM32\POWRPROF.dll
0x00007ffe83470000 - 0x00007ffe83497000 	C:\Windows\SYSTEM32\WINMM.dll
0x00007ffe98840000 - 0x00007ffe9884a000 	C:\Windows\SYSTEM32\VERSION.dll
0x00007ffea2e10000 - 0x00007ffea2e22000 	C:\Windows\SYSTEM32\UMPDC.dll
0x00007ffea1130000 - 0x00007ffea1142000 	C:\Windows\SYSTEM32\kernel.appcore.dll
0x00007ffe9a2d0000 - 0x00007ffe9a2da000 	c:\Users\admin\.vscode\extensions\redhat.java-1.42.0-win32-x64\jre\21.0.7-win32-x86_64\bin\jimage.dll
0x00007ffea2950000 - 0x00007ffea2b34000 	C:\Windows\SYSTEM32\DBGHELP.DLL
0x00007ffea2890000 - 0x00007ffea28c4000 	C:\Windows\SYSTEM32\dbgcore.DLL
0x00007ffea3760000 - 0x00007ffea37e2000 	C:\Windows\System32\bcryptPrimitives.dll
0x00007ffe9a050000 - 0x00007ffe9a05f000 	c:\Users\admin\.vscode\extensions\redhat.java-1.42.0-win32-x64\jre\21.0.7-win32-x86_64\bin\instrument.dll
0x00007ffe84540000 - 0x00007ffe8455f000 	c:\Users\admin\.vscode\extensions\redhat.java-1.42.0-win32-x64\jre\21.0.7-win32-x86_64\bin\java.dll
0x00007ffea4f80000 - 0x00007ffea56ed000 	C:\Windows\System32\SHELL32.dll
0x00007ffe9d830000 - 0x00007ffe9dfd4000 	C:\Windows\SYSTEM32\windows.storage.dll
0x00007ffea3ec0000 - 0x00007ffea4215000 	C:\Windows\System32\combase.dll
0x00007ffea2270000 - 0x00007ffea229b000 	C:\Windows\SYSTEM32\Wldp.dll
0x00007ffea3950000 - 0x00007ffea3a1d000 	C:\Windows\System32\OLEAUT32.dll
0x00007ffea3d90000 - 0x00007ffea3e3d000 	C:\Windows\System32\SHCORE.dll
0x00007ffea44a0000 - 0x00007ffea44f5000 	C:\Windows\System32\shlwapi.dll
0x00007ffea2f00000 - 0x00007ffea2f25000 	C:\Windows\SYSTEM32\profapi.dll
0x00007ffe80e00000 - 0x00007ffe80e18000 	c:\Users\admin\.vscode\extensions\redhat.java-1.42.0-win32-x64\jre\21.0.7-win32-x86_64\bin\zip.dll
0x00007ffe99140000 - 0x00007ffe99150000 	C:\Users\admin\.vscode\extensions\redhat.java-1.42.0-win32-x64\jre\21.0.7-win32-x86_64\bin\net.dll
0x00007ffe9d450000 - 0x00007ffe9d55a000 	C:\Windows\SYSTEM32\WINHTTP.dll
0x00007ffea1f40000 - 0x00007ffea1fac000 	C:\Windows\system32\mswsock.dll
0x00007ffe7e970000 - 0x00007ffe7e986000 	C:\Users\admin\.vscode\extensions\redhat.java-1.42.0-win32-x64\jre\21.0.7-win32-x86_64\bin\nio.dll
0x00007ffe980a0000 - 0x00007ffe980b0000 	c:\Users\admin\.vscode\extensions\redhat.java-1.42.0-win32-x64\jre\21.0.7-win32-x86_64\bin\verify.dll
0x00007ffe76370000 - 0x00007ffe763b5000 	C:\Users\admin\AppData\Roaming\Code\User\globalStorage\redhat.java\1.42.0\config_win\org.eclipse.equinox.launcher\org.eclipse.equinox.launcher.win32.win32.x86_64_1.2.1300.v20250331-1702\eclipse_11911.dll
0x00007ffea4e20000 - 0x00007ffea4f4b000 	C:\Windows\System32\ole32.dll
0x00007ffea2c70000 - 0x00007ffea2c88000 	C:\Windows\SYSTEM32\CRYPTSP.dll
0x00007ffea1930000 - 0x00007ffea1968000 	C:\Windows\system32\rsaenh.dll
0x00007ffea2ec0000 - 0x00007ffea2eee000 	C:\Windows\SYSTEM32\USERENV.dll
0x00007ffea2190000 - 0x00007ffea219c000 	C:\Windows\SYSTEM32\CRYPTBASE.dll
0x00007ffea1c60000 - 0x00007ffea1c9b000 	C:\Windows\SYSTEM32\IPHLPAPI.DLL
0x00007ffea3d80000 - 0x00007ffea3d88000 	C:\Windows\System32\NSI.dll
0x00007ffe69950000 - 0x00007ffe69999000 	C:\Users\admin\AppData\Local\Temp\jna-92668751\jna6965976234426747453.dll
0x00007ffea4990000 - 0x00007ffea4998000 	C:\Windows\System32\PSAPI.DLL
0x00007ffe97190000 - 0x00007ffe971a7000 	C:\Windows\SYSTEM32\dhcpcsvc6.DLL
0x00007ffe963d0000 - 0x00007ffe963ed000 	C:\Windows\SYSTEM32\dhcpcsvc.DLL
0x00007ffea2c30000 - 0x00007ffea2c63000 	C:\Windows\SYSTEM32\ntmarta.dll

dbghelp: loaded successfully - version: 4.0.5 - missing functions: none
symbol engine: initialized successfully - sym options: 0x614 - pdb path: .;c:\Users\admin\.vscode\extensions\redhat.java-1.42.0-win32-x64\jre\21.0.7-win32-x86_64\bin;C:\Windows\SYSTEM32;C:\Windows\WinSxS\amd64_microsoft.windows.common-controls_6595b64144ccf1df_6.0.19041.4355_none_60b8b9eb71f62e16;c:\Users\admin\.vscode\extensions\redhat.java-1.42.0-win32-x64\jre\21.0.7-win32-x86_64\bin\server;C:\Users\admin\AppData\Roaming\Code\User\globalStorage\redhat.java\1.42.0\config_win\org.eclipse.equinox.launcher\org.eclipse.equinox.launcher.win32.win32.x86_64_1.2.1300.v20250331-1702;C:\Users\admin\AppData\Local\Temp\jna-92668751

VM Arguments:
jvm_args: --add-modules=ALL-SYSTEM --add-opens=java.base/java.util=ALL-UNNAMED --add-opens=java.base/java.lang=ALL-UNNAMED --add-opens=java.base/sun.nio.fs=ALL-UNNAMED -Declipse.application=org.eclipse.jdt.ls.core.id1 -Dosgi.bundles.defaultStartLevel=4 -Declipse.product=org.eclipse.jdt.ls.core.product -Djava.import.generatesMetadataFilesAtProjectRoot=false -DDetectVMInstallationsJob.disabled=true -Dfile.encoding=utf8 -XX:+UseParallelGC -XX:GCTimeRatio=4 -XX:AdaptiveSizePolicyWeight=90 -Dsun.zip.disableMemoryMapping=true -Xmx1G -Xms100m -Xlog:disable -javaagent:c:\Users\admin\.vscode\extensions\redhat.java-1.42.0-win32-x64\lombok\lombok-1.18.36.jar -XX:+HeapDumpOnOutOfMemoryError -XX:HeapDumpPath=c:\Users\admin\AppData\Roaming\Code\User\workspaceStorage\47a3e8ccf1965bd35feb4e26e05ea635\redhat.java -Daether.dependencyCollector.impl=bf 
java_command: c:\Users\admin\.vscode\extensions\redhat.java-1.42.0-win32-x64\server\plugins\org.eclipse.equinox.launcher_1.7.0.v20250424-1814.jar -configuration c:\Users\admin\AppData\Roaming\Code\User\globalStorage\redhat.java\1.42.0\config_win -data c:\Users\admin\AppData\Roaming\Code\User\workspaceStorage\47a3e8ccf1965bd35feb4e26e05ea635\redhat.java\jdt_ws --pipe=\\.\pipe\lsp-bb477bd7b21e78c7959be5ea1f2de2ea-sock
java_class_path (initial): c:\Users\admin\.vscode\extensions\redhat.java-1.42.0-win32-x64\server\plugins\org.eclipse.equinox.launcher_1.7.0.v20250424-1814.jar
Launcher Type: SUN_STANDARD

[Global flags]
    uintx AdaptiveSizePolicyWeight                 = 90                                        {product} {command line}
     intx CICompilerCount                          = 3                                         {product} {ergonomic}
    uintx GCTimeRatio                              = 4                                         {product} {command line}
     bool HeapDumpOnOutOfMemoryError               = true                                   {manageable} {command line}
    ccstr HeapDumpPath                             = c:\Users\admin\AppData\Roaming\Code\User\workspaceStorage\47a3e8ccf1965bd35feb4e26e05ea635\redhat.java         {manageable} {command line}
   size_t InitialHeapSize                          = 104857600                                 {product} {command line}
   size_t MaxHeapSize                              = 1073741824                                {product} {command line}
   size_t MaxNewSize                               = 357564416                                 {product} {ergonomic}
   size_t MinHeapDeltaBytes                        = 524288                                    {product} {ergonomic}
   size_t MinHeapSize                              = 104857600                                 {product} {command line}
   size_t NewSize                                  = 34603008                                  {product} {ergonomic}
    uintx NonNMethodCodeHeapSize                   = 5832780                                {pd product} {ergonomic}
    uintx NonProfiledCodeHeapSize                  = 122912730                              {pd product} {ergonomic}
   size_t OldSize                                  = 70254592                                  {product} {ergonomic}
    uintx ProfiledCodeHeapSize                     = 122912730                              {pd product} {ergonomic}
    uintx ReservedCodeCacheSize                    = 251658240                              {pd product} {ergonomic}
     bool SegmentedCodeCache                       = true                                      {product} {ergonomic}
   size_t SoftMaxHeapSize                          = 1073741824                             {manageable} {ergonomic}
     bool UseCompressedOops                        = true                           {product lp64_product} {ergonomic}
     bool UseLargePagesIndividualAllocation        = false                                  {pd product} {ergonomic}
     bool UseParallelGC                            = true                                      {product} {command line}

Logging:
Log output configuration:
 #0: stdout all=off uptime,level,tags foldmultilines=false
 #1: stderr all=off uptime,level,tags foldmultilines=false

Environment Variables:
PATH=C:\Program Files\Common Files\Oracle\Java\javapath;C:\Program Files (x86)\Common Files\Oracle\Java\javapath;C:\Windows\system32;C:\Windows;C:\Windows\System32\Wbem;C:\Windows\System32\WindowsPowerShell\v1.0\;C:\Windows\System32\OpenSSH\;C:\Program Files\Java\jdk-11.0.16\bin;C:\Users\admin\AppData\Local\Programs\Python\Python310\Scripts;C:\Program Files\Java\jre1.8.0_141\lib\ext;C:\Program Files\dotnet\;C:\Users\admin\anaconda3\Lib\site-packages\graphviz;C:\\Users\\admin\\AppData\\Local\\Programs\\Python\\Python310;C:\Program Files\Git\cmd;C:\Program Files\gnuplot\bin;C:\Program Files\heroku\bin;C:\Program Files\Tesseract-OCR;C:\Program Files\nodejs\;C:\Program Files\Java\jdk-21\bin;C:\Program Files\PostgreSQL\17\bin;C:\Program Files\Docker\Docker\resources\bin;C:\Program Files\apache-maven-3.9.9\bin;C:\Strawberry\c\bin;C:\Strawberry\perl\site\bin;C:\Strawberry\perl\bin;C:\Strawberry\perl\bin;C:\Program Files\Meld\;C:\Users\admin\Desktop\apps\php;C:\Users\admin\AppData\Local\Programs\Python\Python310\;C:\Users\admin\AppData\Local\Microsoft\WindowsApps;C:\Users\admin\AppData\Local\Programs\Microsoft VS Code\bin;C:\Program Files\Java\jdk1.5.0_09\bin;C:\Users\admin\Desktop\random files\php;C:\Program Files\MongoDB\Server\6.0\bin;C:\\Users\\admin\\AppData\\Local\\Programs\\Python\\Python310;C:\\Users\\admin\\AppData\\Local\\Programs\\Python\\Python310\site-packages\pip;C:\Users\admin\anaconda3\Library\bin\graphviz;C:\Users\admin\AppData\Local\Programs\MiKTeX\miktex\bin\x64\;C:\Program Files\Tesseract-OCR;C:\Users\admin\AppData\Roaming\npm;C:\Program Files\JetBrains\IntelliJ IDEA 2024.3.3\bin;;C:\Program Files\Java\jdk-21\bin
USERNAME=admin
OS=Windows_NT
PROCESSOR_IDENTIFIER=Intel64 Family 6 Model 78 Stepping 3, GenuineIntel
TMP=C:\Users\admin\AppData\Local\Temp
TEMP=C:\Users\admin\AppData\Local\Temp




Periodic native trim disabled

---------------  S Y S T E M  ---------------

OS:
 Windows 10 , 64 bit Build 19041 (10.0.19041.5438)
OS uptime: 0 days 3:58 hours
Hyper-V role detected

CPU: total 4 (initial active 4) (2 cores per cpu, 2 threads per core) family 6 model 78 stepping 3 microcode 0xf0, cx8, cmov, fxsr, ht, mmx, 3dnowpref, sse, sse2, sse3, ssse3, sse4.1, sse4.2, popcnt, lzcnt, tsc, tscinvbit, avx, avx2, aes, erms, clmul, bmi1, bmi2, rtm, adx, fma, vzeroupper, clflush, clflushopt, hv, rdtscp, f16c
Processor Information for processor 0
  Max Mhz: 2496, Current Mhz: 2396, Mhz Limit: 2396
Processor Information for processor 1
  Max Mhz: 2496, Current Mhz: 2396, Mhz Limit: 2396
Processor Information for processor 2
  Max Mhz: 2496, Current Mhz: 2396, Mhz Limit: 2396
Processor Information for processor 3
  Max Mhz: 2496, Current Mhz: 1497, Mhz Limit: 2396

Memory: 4k page, system-wide physical 7558M (805M free)
TotalPageFile size 15116M (AvailPageFile size 5332M)
current process WorkingSet (physical memory assigned to process): 310M, peak: 892M
current process commit charge ("private bytes"): 616M, peak: 959M

vm_info: OpenJDK 64-Bit Server VM (21.0.7+6-LTS) for windows-amd64 JRE (21.0.7+6-LTS), built on 2025-04-15T00:00:00Z by "admin" with MS VC++ 17.7 (VS2022)

END.
