2025-05-21 01:20:46.778 [restartedMain] INFO  com.secureops.SecureOpsApplication - Starting SecureOpsApplication using Java 22.0.1 with PID 17304 (C:\Users\zakar\OneDrive\Desktop\SecureOpsFinal\Backend\target\classes started by zakar in C:\Users\zakar\OneDrive\Desktop\SecureOpsFinal\Backend)
2025-05-21 01:20:46.780 [restartedMain] DEBUG com.secureops.SecureOpsApplication - Running with Spring Boot v3.4.5, Spring v6.2.6
2025-05-21 01:20:46.782 [restartedMain] INFO  com.secureops.SecureOpsApplication - The following 1 profile is active: "dev"
2025-05-21 01:20:46.876 [restartedMain] INFO  o.s.b.d.e.DevToolsPropertyDefaultsPostProcessor - Devtools property defaults active! Set 'spring.devtools.add-properties' to 'false' to disable
2025-05-21 01:20:46.876 [restartedMain] INFO  o.s.b.d.e.DevToolsPropertyDefaultsPostProcessor - For additional web related logging consider setting the 'logging.level.web' property to 'DEBUG'
2025-05-21 01:20:49.132 [restartedMain] INFO  o.s.d.r.c.RepositoryConfigurationDelegate - Bootstrapping Spring Data JPA repositories in DEFAULT mode.
2025-05-21 01:20:49.369 [restartedMain] INFO  o.s.d.r.c.RepositoryConfigurationDelegate - Finished Spring Data repository scanning in 218 ms. Found 18 JPA repository interfaces.
2025-05-21 01:20:51.154 [restartedMain] INFO  o.s.b.w.e.tomcat.TomcatWebServer - Tomcat initialized with port 8443 (https)
2025-05-21 01:20:51.190 [restartedMain] INFO  o.a.catalina.core.StandardService - Starting service [Tomcat]
2025-05-21 01:20:51.190 [restartedMain] INFO  o.a.catalina.core.StandardEngine - Starting Servlet engine: [Apache Tomcat/10.1.40]
2025-05-21 01:20:51.297 [restartedMain] INFO  o.a.c.c.C.[Tomcat].[localhost].[/] - Initializing Spring embedded WebApplicationContext
2025-05-21 01:20:51.297 [restartedMain] INFO  o.s.b.w.s.c.ServletWebServerApplicationContext - Root WebApplicationContext: initialization completed in 4420 ms
2025-05-21 01:20:51.810 [restartedMain] DEBUG c.s.config.JwtAuthenticationFilter - Filter 'jwtAuthenticationFilter' configured for use
2025-05-21 01:20:51.816 [restartedMain] DEBUG o.s.w.f.CommonsRequestLoggingFilter - Filter 'requestLoggingFilter' configured for use
2025-05-21 01:20:53.087 [restartedMain] INFO  o.s.o.j.p.SpringPersistenceUnitInfo - No LoadTimeWeaver setup: ignoring JPA class transformer
2025-05-21 01:20:53.153 [restartedMain] INFO  com.zaxxer.hikari.HikariDataSource - HikariPool-1 - Starting...
2025-05-21 01:20:53.458 [restartedMain] INFO  com.zaxxer.hikari.pool.HikariPool - HikariPool-1 - Added connection org.postgresql.jdbc.PgConnection@62fe109a
2025-05-21 01:20:53.460 [restartedMain] INFO  com.zaxxer.hikari.HikariDataSource - HikariPool-1 - Start completed.
2025-05-21 01:20:57.786 [restartedMain] INFO  o.s.o.j.LocalContainerEntityManagerFactoryBean - Initialized JPA EntityManagerFactory for persistence unit 'default'
2025-05-21 01:20:58.471 [restartedMain] INFO  c.secureops.service.AuthServiceImpl - AuthServiceImpl initialized
2025-05-21 01:20:58.517 [restartedMain] INFO  com.secureops.service.EmailService - EmailService initialized with mail sender: JavaMailSenderImpl
2025-05-21 01:20:58.521 [restartedMain] INFO  c.s.service.FileStorageServiceImpl - Initializing FileStorageService with storage location: C:\Users\zakar\OneDrive\Desktop\SecureOpsFinal\Backend\uploads
2025-05-21 01:20:58.522 [restartedMain] DEBUG c.s.service.FileStorageServiceImpl - Storage directory created or already exists: C:\Users\zakar\OneDrive\Desktop\SecureOpsFinal\Backend\uploads
2025-05-21 01:20:58.527 [restartedMain] INFO  c.secureops.service.UserServiceImpl - UserServiceImpl initialized
2025-05-21 01:20:58.610 [restartedMain] INFO  c.secureops.service.RecaptchaService - RecaptchaService initialized
2025-05-21 01:20:58.655 [restartedMain] INFO  o.s.d.j.r.query.QueryEnhancerFactory - Hibernate is in classpath; If applicable, HQL parser will be used.
2025-05-21 01:20:59.399 [restartedMain] INFO  c.secureops.service.ChatServiceImpl - ChatServiceImpl initialized
2025-05-21 01:20:59.865 [restartedMain] INFO  c.secureops.service.WebSocketService - WebSocketService initialized
2025-05-21 01:20:59.871 [restartedMain] INFO  c.s.service.MessageServiceImpl - MessageServiceImpl initialized
2025-05-21 01:21:00.953 [restartedMain] INFO  c.s.service.TaskEventServiceImpl - TaskEventServiceImpl initialized
2025-05-21 01:21:02.361 [restartedMain] WARN  o.s.b.a.o.j.JpaBaseConfiguration$JpaWebConfiguration - spring.jpa.open-in-view is enabled by default. Therefore, database queries may be performed during view rendering. Explicitly configure spring.jpa.open-in-view to disable this warning
2025-05-21 01:21:02.643 [restartedMain] DEBUG o.s.w.s.s.s.WebSocketHandlerMapping - Patterns [/ws/**] in 'stompWebSocketHandlerMapping'
2025-05-21 01:21:03.293 [restartedMain] INFO  o.s.b.a.e.web.EndpointLinksResolver - Exposing 1 endpoint beneath base path '/actuator'
2025-05-21 01:21:03.773 [restartedMain] DEBUG o.s.w.s.m.WebSocketAnnotationMethodMessageHandler - 
	c.s.c.AuthController:
	
2025-05-21 01:21:03.774 [restartedMain] DEBUG o.s.w.s.m.WebSocketAnnotationMethodMessageHandler - 
	c.s.c.ChatController:
	
2025-05-21 01:21:03.774 [restartedMain] DEBUG o.s.w.s.m.WebSocketAnnotationMethodMessageHandler - 
	c.s.c.FileController:
	
2025-05-21 01:21:03.775 [restartedMain] DEBUG o.s.w.s.m.WebSocketAnnotationMethodMessageHandler - 
	c.s.c.LogAdminController:
	
2025-05-21 01:21:03.775 [restartedMain] DEBUG o.s.w.s.m.WebSocketAnnotationMethodMessageHandler - 
	c.s.c.LogSecurityController:
	
2025-05-21 01:21:03.775 [restartedMain] DEBUG o.s.w.s.m.WebSocketAnnotationMethodMessageHandler - 
	c.s.c.MessageController:
	
2025-05-21 01:21:03.776 [restartedMain] DEBUG o.s.w.s.m.WebSocketAnnotationMethodMessageHandler - 
	c.s.c.TaskEventController:
	
2025-05-21 01:21:03.776 [restartedMain] DEBUG o.s.w.s.m.WebSocketAnnotationMethodMessageHandler - 
	c.s.c.UserController:
	
2025-05-21 01:21:03.782 [restartedMain] DEBUG o.s.w.s.m.WebSocketAnnotationMethodMessageHandler - 
	c.s.c.WebSocketController:
	{[MESSAGE],[/chat/{chatId}/sendMessage]}: sendMessage(Long,MessageDto,SimpMessageHeaderAccessor)
2025-05-21 01:21:03.783 [restartedMain] DEBUG o.s.w.s.m.WebSocketAnnotationMethodMessageHandler - 
	c.s.h.c.EmployeeController:
	
2025-05-21 01:21:03.783 [restartedMain] DEBUG o.s.w.s.m.WebSocketAnnotationMethodMessageHandler - 
	c.s.h.c.HRTaskController:
	
2025-05-21 01:21:03.783 [restartedMain] DEBUG o.s.w.s.m.WebSocketAnnotationMethodMessageHandler - 
	c.s.s.c.ClientController:
	
2025-05-21 01:21:03.784 [restartedMain] DEBUG o.s.w.s.m.WebSocketAnnotationMethodMessageHandler - 
	c.s.s.c.InvoiceController:
	
2025-05-21 01:21:03.784 [restartedMain] DEBUG o.s.w.s.m.WebSocketAnnotationMethodMessageHandler - 
	c.s.s.c.OrderController:
	
2025-05-21 01:21:03.785 [restartedMain] DEBUG o.s.w.s.m.WebSocketAnnotationMethodMessageHandler - 
	c.s.s.c.ProductController:
	
2025-05-21 01:21:03.785 [restartedMain] DEBUG o.s.w.s.m.WebSocketAnnotationMethodMessageHandler - 
	c.s.s.c.QuoteController:
	
2025-05-21 01:21:03.785 [restartedMain] DEBUG o.s.w.s.m.WebSocketAnnotationMethodMessageHandler - 
	c.s.s.c.ReportController:
	
2025-05-21 01:21:03.787 [restartedMain] DEBUG o.s.w.s.m.WebSocketAnnotationMethodMessageHandler - 
	o.s.b.a.w.s.e.BasicErrorController:
	
2025-05-21 01:21:03.788 [restartedMain] DEBUG o.s.w.s.m.WebSocketAnnotationMethodMessageHandler - 
	o.s.w.a.OpenApiWebMvcResource:
	
2025-05-21 01:21:03.789 [restartedMain] DEBUG o.s.w.s.m.WebSocketAnnotationMethodMessageHandler - 
	o.s.w.u.SwaggerWelcomeWebMvc:
	
2025-05-21 01:21:03.789 [restartedMain] DEBUG o.s.w.s.m.WebSocketAnnotationMethodMessageHandler - 
	o.s.w.u.SwaggerConfigResource:
	
2025-05-21 01:21:05.010 [restartedMain] INFO  o.s.b.d.a.OptionalLiveReloadServer - LiveReload server is running on port 35729
2025-05-21 01:21:05.117 [restartedMain] DEBUG o.s.m.s.ExecutorSubscribableChannel - clientOutboundChannel added SubProtocolWebSocketHandler[StompSubProtocolHandler[v10.stomp, v11.stomp, v12.stomp]]
2025-05-21 01:21:05.118 [restartedMain] DEBUG o.s.m.s.ExecutorSubscribableChannel - clientInboundChannel added WebSocketAnnotationMethodMessageHandler[prefixes=[/app/]]
2025-05-21 01:21:05.118 [restartedMain] INFO  o.s.m.s.b.SimpleBrokerMessageHandler - Starting...
2025-05-21 01:21:05.119 [restartedMain] DEBUG o.s.m.s.ExecutorSubscribableChannel - clientInboundChannel added SimpleBrokerMessageHandler [org.springframework.messaging.simp.broker.DefaultSubscriptionRegistry@43e8ffac]
2025-05-21 01:21:05.119 [restartedMain] DEBUG o.s.m.s.ExecutorSubscribableChannel - brokerChannel added SimpleBrokerMessageHandler [org.springframework.messaging.simp.broker.DefaultSubscriptionRegistry@43e8ffac]
2025-05-21 01:21:05.119 [restartedMain] INFO  o.s.m.s.b.SimpleBrokerMessageHandler - BrokerAvailabilityEvent[available=true, SimpleBrokerMessageHandler [org.springframework.messaging.simp.broker.DefaultSubscriptionRegistry@43e8ffac]]
2025-05-21 01:21:05.123 [restartedMain] INFO  o.s.m.s.b.SimpleBrokerMessageHandler - Started.
2025-05-21 01:21:05.124 [restartedMain] DEBUG o.s.m.s.ExecutorSubscribableChannel - clientInboundChannel added UserDestinationMessageHandler[DefaultUserDestinationResolver[prefix=/user/]]
2025-05-21 01:21:05.125 [restartedMain] DEBUG o.s.m.s.ExecutorSubscribableChannel - brokerChannel added UserDestinationMessageHandler[DefaultUserDestinationResolver[prefix=/user/]]
2025-05-21 01:21:05.438 [restartedMain] INFO  o.a.t.u.net.NioEndpoint.certificate - Connector [https-jsse-nio-8443], TLS virtual host [_default_], certificate type [UNDEFINED] configured from keystore [C:\Users\zakar\.keystore] using alias [localhost] with trust store [null]
2025-05-21 01:21:05.463 [restartedMain] INFO  o.s.b.w.e.tomcat.TomcatWebServer - Tomcat started on port 8443 (https) with context path '/'
2025-05-21 01:21:05.488 [restartedMain] INFO  com.secureops.SecureOpsApplication - Started SecureOpsApplication in 19.999 seconds (process running for 20.686)
2025-05-21 01:21:49.183 [File Watcher] INFO  o.s.b.d.a.LocalDevToolsAutoConfiguration$RestartingClassPathChangeChangedEventListener - Restarting due to 1 class path change (0 additions, 0 deletions, 1 modification)
2025-05-21 01:21:49.191 [Thread-8] INFO  o.s.b.w.e.tomcat.GracefulShutdown - Commencing graceful shutdown. Waiting for active requests to complete
2025-05-21 01:21:49.226 [tomcat-shutdown] INFO  o.s.b.w.e.tomcat.GracefulShutdown - Graceful shutdown complete
2025-05-21 01:21:49.231 [Thread-8] DEBUG o.s.m.s.ExecutorSubscribableChannel - clientOutboundChannel removed SubProtocolWebSocketHandler[StompSubProtocolHandler[v10.stomp, v11.stomp, v12.stomp]]
2025-05-21 01:21:49.233 [Thread-8] DEBUG o.s.m.s.ExecutorSubscribableChannel - clientInboundChannel removed WebSocketAnnotationMethodMessageHandler[prefixes=[/app/]]
2025-05-21 01:21:49.233 [Thread-8] INFO  o.s.m.s.b.SimpleBrokerMessageHandler - Stopping...
2025-05-21 01:21:49.234 [Thread-8] INFO  o.s.m.s.b.SimpleBrokerMessageHandler - BrokerAvailabilityEvent[available=false, SimpleBrokerMessageHandler [org.springframework.messaging.simp.broker.DefaultSubscriptionRegistry@43e8ffac]]
2025-05-21 01:21:49.235 [Thread-8] DEBUG o.s.m.s.ExecutorSubscribableChannel - clientInboundChannel removed SimpleBrokerMessageHandler [org.springframework.messaging.simp.broker.DefaultSubscriptionRegistry@43e8ffac]
2025-05-21 01:21:49.236 [Thread-8] DEBUG o.s.m.s.ExecutorSubscribableChannel - brokerChannel removed SimpleBrokerMessageHandler [org.springframework.messaging.simp.broker.DefaultSubscriptionRegistry@43e8ffac]
2025-05-21 01:21:49.237 [Thread-8] INFO  o.s.m.s.b.SimpleBrokerMessageHandler - Stopped.
2025-05-21 01:21:49.237 [Thread-8] DEBUG o.s.m.s.ExecutorSubscribableChannel - clientInboundChannel removed UserDestinationMessageHandler[DefaultUserDestinationResolver[prefix=/user/]]
2025-05-21 01:21:49.238 [Thread-8] DEBUG o.s.m.s.ExecutorSubscribableChannel - brokerChannel removed UserDestinationMessageHandler[DefaultUserDestinationResolver[prefix=/user/]]
2025-05-21 01:21:49.260 [Thread-8] INFO  o.s.o.j.LocalContainerEntityManagerFactoryBean - Closing JPA EntityManagerFactory for persistence unit 'default'
2025-05-21 01:21:49.267 [Thread-8] INFO  com.zaxxer.hikari.HikariDataSource - HikariPool-1 - Shutdown initiated...
2025-05-21 01:21:49.285 [Thread-8] INFO  com.zaxxer.hikari.HikariDataSource - HikariPool-1 - Shutdown completed.
2025-05-21 01:21:49.577 [restartedMain] INFO  com.secureops.SecureOpsApplication - Starting SecureOpsApplication using Java 22.0.1 with PID 17304 (C:\Users\zakar\OneDrive\Desktop\SecureOpsFinal\Backend\target\classes started by zakar in C:\Users\zakar\OneDrive\Desktop\SecureOpsFinal\Backend)
2025-05-21 01:21:49.578 [restartedMain] DEBUG com.secureops.SecureOpsApplication - Running with Spring Boot v3.4.5, Spring v6.2.6
2025-05-21 01:21:49.578 [restartedMain] INFO  com.secureops.SecureOpsApplication - The following 1 profile is active: "dev"
2025-05-21 01:21:50.546 [restartedMain] INFO  o.s.d.r.c.RepositoryConfigurationDelegate - Bootstrapping Spring Data JPA repositories in DEFAULT mode.
2025-05-21 01:21:50.689 [restartedMain] INFO  o.s.d.r.c.RepositoryConfigurationDelegate - Finished Spring Data repository scanning in 140 ms. Found 18 JPA repository interfaces.
2025-05-21 01:21:51.203 [restartedMain] INFO  o.s.b.w.e.tomcat.TomcatWebServer - Tomcat initialized with port 8443 (https)
2025-05-21 01:21:51.205 [restartedMain] INFO  o.a.catalina.core.StandardService - Starting service [Tomcat]
2025-05-21 01:21:51.205 [restartedMain] INFO  o.a.catalina.core.StandardEngine - Starting Servlet engine: [Apache Tomcat/10.1.40]
2025-05-21 01:21:51.256 [restartedMain] INFO  o.a.c.c.C.[Tomcat].[localhost].[/] - Initializing Spring embedded WebApplicationContext
2025-05-21 01:21:51.257 [restartedMain] INFO  o.s.b.w.s.c.ServletWebServerApplicationContext - Root WebApplicationContext: initialization completed in 1673 ms
2025-05-21 01:21:51.459 [restartedMain] DEBUG c.s.config.JwtAuthenticationFilter - Filter 'jwtAuthenticationFilter' configured for use
2025-05-21 01:21:51.459 [restartedMain] DEBUG o.s.w.f.CommonsRequestLoggingFilter - Filter 'requestLoggingFilter' configured for use
2025-05-21 01:21:51.607 [restartedMain] INFO  o.s.o.j.p.SpringPersistenceUnitInfo - No LoadTimeWeaver setup: ignoring JPA class transformer
2025-05-21 01:21:51.609 [restartedMain] INFO  com.zaxxer.hikari.HikariDataSource - HikariPool-2 - Starting...
2025-05-21 01:21:51.717 [restartedMain] INFO  com.zaxxer.hikari.pool.HikariPool - HikariPool-2 - Added connection org.postgresql.jdbc.PgConnection@3a115ef9
2025-05-21 01:21:51.718 [restartedMain] INFO  com.zaxxer.hikari.HikariDataSource - HikariPool-2 - Start completed.
2025-05-21 01:21:54.216 [restartedMain] INFO  o.s.o.j.LocalContainerEntityManagerFactoryBean - Initialized JPA EntityManagerFactory for persistence unit 'default'
2025-05-21 01:21:54.548 [restartedMain] INFO  c.secureops.service.AuthServiceImpl - AuthServiceImpl initialized
2025-05-21 01:21:54.574 [restartedMain] INFO  com.secureops.service.EmailService - EmailService initialized with mail sender: JavaMailSenderImpl
2025-05-21 01:21:54.578 [restartedMain] INFO  c.s.service.FileStorageServiceImpl - Initializing FileStorageService with storage location: C:\Users\zakar\OneDrive\Desktop\SecureOpsFinal\Backend\uploads
2025-05-21 01:21:54.579 [restartedMain] DEBUG c.s.service.FileStorageServiceImpl - Storage directory created or already exists: C:\Users\zakar\OneDrive\Desktop\SecureOpsFinal\Backend\uploads
2025-05-21 01:21:54.583 [restartedMain] INFO  c.secureops.service.UserServiceImpl - UserServiceImpl initialized
2025-05-21 01:21:54.617 [restartedMain] INFO  c.secureops.service.RecaptchaService - RecaptchaService initialized
2025-05-21 01:21:54.669 [restartedMain] INFO  c.secureops.service.ChatServiceImpl - ChatServiceImpl initialized
2025-05-21 01:21:54.967 [restartedMain] INFO  c.secureops.service.WebSocketService - WebSocketService initialized
2025-05-21 01:21:54.970 [restartedMain] INFO  c.s.service.MessageServiceImpl - MessageServiceImpl initialized
2025-05-21 01:21:55.074 [restartedMain] INFO  c.s.service.TaskEventServiceImpl - TaskEventServiceImpl initialized
2025-05-21 01:21:55.694 [restartedMain] WARN  o.s.b.a.o.j.JpaBaseConfiguration$JpaWebConfiguration - spring.jpa.open-in-view is enabled by default. Therefore, database queries may be performed during view rendering. Explicitly configure spring.jpa.open-in-view to disable this warning
2025-05-21 01:21:55.784 [restartedMain] DEBUG o.s.w.s.s.s.WebSocketHandlerMapping - Patterns [/ws/**] in 'stompWebSocketHandlerMapping'
2025-05-21 01:21:56.108 [restartedMain] INFO  o.s.b.a.e.web.EndpointLinksResolver - Exposing 1 endpoint beneath base path '/actuator'
2025-05-21 01:21:56.344 [restartedMain] DEBUG o.s.w.s.m.WebSocketAnnotationMethodMessageHandler - 
	c.s.c.AuthController:
	
2025-05-21 01:21:56.344 [restartedMain] DEBUG o.s.w.s.m.WebSocketAnnotationMethodMessageHandler - 
	c.s.c.ChatController:
	
2025-05-21 01:21:56.344 [restartedMain] DEBUG o.s.w.s.m.WebSocketAnnotationMethodMessageHandler - 
	c.s.c.FileController:
	
2025-05-21 01:21:56.345 [restartedMain] DEBUG o.s.w.s.m.WebSocketAnnotationMethodMessageHandler - 
	c.s.c.LogAdminController:
	
2025-05-21 01:21:56.345 [restartedMain] DEBUG o.s.w.s.m.WebSocketAnnotationMethodMessageHandler - 
	c.s.c.LogSecurityController:
	
2025-05-21 01:21:56.346 [restartedMain] DEBUG o.s.w.s.m.WebSocketAnnotationMethodMessageHandler - 
	c.s.c.MessageController:
	
2025-05-21 01:21:56.346 [restartedMain] DEBUG o.s.w.s.m.WebSocketAnnotationMethodMessageHandler - 
	c.s.c.TaskEventController:
	
2025-05-21 01:21:56.347 [restartedMain] DEBUG o.s.w.s.m.WebSocketAnnotationMethodMessageHandler - 
	c.s.c.UserController:
	
2025-05-21 01:21:56.347 [restartedMain] DEBUG o.s.w.s.m.WebSocketAnnotationMethodMessageHandler - 
	c.s.c.WebSocketController:
	{[MESSAGE],[/chat/{chatId}/sendMessage]}: sendMessage(Long,MessageDto,SimpMessageHeaderAccessor)
2025-05-21 01:21:56.347 [restartedMain] DEBUG o.s.w.s.m.WebSocketAnnotationMethodMessageHandler - 
	c.s.h.c.EmployeeController:
	
2025-05-21 01:21:56.348 [restartedMain] DEBUG o.s.w.s.m.WebSocketAnnotationMethodMessageHandler - 
	c.s.h.c.HRTaskController:
	
2025-05-21 01:21:56.348 [restartedMain] DEBUG o.s.w.s.m.WebSocketAnnotationMethodMessageHandler - 
	c.s.s.c.ClientController:
	
2025-05-21 01:21:56.348 [restartedMain] DEBUG o.s.w.s.m.WebSocketAnnotationMethodMessageHandler - 
	c.s.s.c.InvoiceController:
	
2025-05-21 01:21:56.349 [restartedMain] DEBUG o.s.w.s.m.WebSocketAnnotationMethodMessageHandler - 
	c.s.s.c.OrderController:
	
2025-05-21 01:21:56.349 [restartedMain] DEBUG o.s.w.s.m.WebSocketAnnotationMethodMessageHandler - 
	c.s.s.c.ProductController:
	
2025-05-21 01:21:56.349 [restartedMain] DEBUG o.s.w.s.m.WebSocketAnnotationMethodMessageHandler - 
	c.s.s.c.QuoteController:
	
2025-05-21 01:21:56.350 [restartedMain] DEBUG o.s.w.s.m.WebSocketAnnotationMethodMessageHandler - 
	c.s.s.c.ReportController:
	
2025-05-21 01:21:56.351 [restartedMain] DEBUG o.s.w.s.m.WebSocketAnnotationMethodMessageHandler - 
	o.s.b.a.w.s.e.BasicErrorController:
	
2025-05-21 01:21:56.353 [restartedMain] DEBUG o.s.w.s.m.WebSocketAnnotationMethodMessageHandler - 
	o.s.w.a.OpenApiWebMvcResource:
	
2025-05-21 01:21:56.353 [restartedMain] DEBUG o.s.w.s.m.WebSocketAnnotationMethodMessageHandler - 
	o.s.w.u.SwaggerWelcomeWebMvc:
	
2025-05-21 01:21:56.353 [restartedMain] DEBUG o.s.w.s.m.WebSocketAnnotationMethodMessageHandler - 
	o.s.w.u.SwaggerConfigResource:
	
2025-05-21 01:21:56.839 [restartedMain] INFO  o.s.b.d.a.OptionalLiveReloadServer - LiveReload server is running on port 35729
2025-05-21 01:21:56.874 [restartedMain] DEBUG o.s.m.s.ExecutorSubscribableChannel - clientOutboundChannel added SubProtocolWebSocketHandler[StompSubProtocolHandler[v10.stomp, v11.stomp, v12.stomp]]
2025-05-21 01:21:56.875 [restartedMain] DEBUG o.s.m.s.ExecutorSubscribableChannel - clientInboundChannel added WebSocketAnnotationMethodMessageHandler[prefixes=[/app/]]
2025-05-21 01:21:56.875 [restartedMain] INFO  o.s.m.s.b.SimpleBrokerMessageHandler - Starting...
2025-05-21 01:21:56.875 [restartedMain] DEBUG o.s.m.s.ExecutorSubscribableChannel - clientInboundChannel added SimpleBrokerMessageHandler [org.springframework.messaging.simp.broker.DefaultSubscriptionRegistry@46d52082]
2025-05-21 01:21:56.876 [restartedMain] DEBUG o.s.m.s.ExecutorSubscribableChannel - brokerChannel added SimpleBrokerMessageHandler [org.springframework.messaging.simp.broker.DefaultSubscriptionRegistry@46d52082]
2025-05-21 01:21:56.876 [restartedMain] INFO  o.s.m.s.b.SimpleBrokerMessageHandler - BrokerAvailabilityEvent[available=true, SimpleBrokerMessageHandler [org.springframework.messaging.simp.broker.DefaultSubscriptionRegistry@46d52082]]
2025-05-21 01:21:56.876 [restartedMain] INFO  o.s.m.s.b.SimpleBrokerMessageHandler - Started.
2025-05-21 01:21:56.877 [restartedMain] DEBUG o.s.m.s.ExecutorSubscribableChannel - clientInboundChannel added UserDestinationMessageHandler[DefaultUserDestinationResolver[prefix=/user/]]
2025-05-21 01:21:56.877 [restartedMain] DEBUG o.s.m.s.ExecutorSubscribableChannel - brokerChannel added UserDestinationMessageHandler[DefaultUserDestinationResolver[prefix=/user/]]
2025-05-21 01:21:56.980 [restartedMain] INFO  o.a.t.u.net.NioEndpoint.certificate - Connector [https-jsse-nio-8443], TLS virtual host [_default_], certificate type [UNDEFINED] configured from keystore [C:\Users\zakar\.keystore] using alias [localhost] with trust store [null]
2025-05-21 01:21:56.984 [restartedMain] INFO  o.s.b.w.e.tomcat.TomcatWebServer - Tomcat started on port 8443 (https) with context path '/'
2025-05-21 01:21:56.998 [restartedMain] INFO  com.secureops.SecureOpsApplication - Started SecureOpsApplication in 7.563 seconds (process running for 72.197)
2025-05-21 01:21:57.053 [restartedMain] INFO  o.s.b.d.a.ConditionEvaluationDeltaLoggingListener - Condition evaluation unchanged
2025-05-21 01:22:56.873 [MessageBroker-1] INFO  o.s.w.s.c.WebSocketMessageBrokerStats - WebSocketSession[0 current WS(0)-HttpStream(0)-HttpPoll(0), 0 total, 0 closed abnormally (0 connect failure, 0 send limit, 0 transport error)], stompSubProtocol[processed CONNECT(0)-CONNECTED(0)-DISCONNECT(0)], stompBrokerRelay[null], inboundChannel[pool size = 0, active threads = 0, queued tasks = 0, completed tasks = 0], outboundChannel[pool size = 0, active threads = 0, queued tasks = 0, completed tasks = 0], sockJsScheduler[pool size = 1, active threads = 1, queued tasks = 0, completed tasks = 0]
2025-05-21 01:23:45.193 [File Watcher] INFO  o.s.b.d.a.LocalDevToolsAutoConfiguration$RestartingClassPathChangeChangedEventListener - Restarting due to 1 class path change (0 additions, 0 deletions, 1 modification)
2025-05-21 01:23:45.196 [Thread-10] INFO  o.s.b.w.e.tomcat.GracefulShutdown - Commencing graceful shutdown. Waiting for active requests to complete
2025-05-21 01:23:45.217 [tomcat-shutdown] INFO  o.s.b.w.e.tomcat.GracefulShutdown - Graceful shutdown complete
2025-05-21 01:23:45.218 [Thread-10] DEBUG o.s.m.s.ExecutorSubscribableChannel - clientOutboundChannel removed SubProtocolWebSocketHandler[StompSubProtocolHandler[v10.stomp, v11.stomp, v12.stomp]]
2025-05-21 01:23:45.218 [Thread-10] DEBUG o.s.m.s.ExecutorSubscribableChannel - clientInboundChannel removed WebSocketAnnotationMethodMessageHandler[prefixes=[/app/]]
2025-05-21 01:23:45.219 [Thread-10] INFO  o.s.m.s.b.SimpleBrokerMessageHandler - Stopping...
2025-05-21 01:23:45.219 [Thread-10] INFO  o.s.m.s.b.SimpleBrokerMessageHandler - BrokerAvailabilityEvent[available=false, SimpleBrokerMessageHandler [org.springframework.messaging.simp.broker.DefaultSubscriptionRegistry@46d52082]]
2025-05-21 01:23:45.219 [Thread-10] DEBUG o.s.m.s.ExecutorSubscribableChannel - clientInboundChannel removed SimpleBrokerMessageHandler [org.springframework.messaging.simp.broker.DefaultSubscriptionRegistry@46d52082]
2025-05-21 01:23:45.219 [Thread-10] DEBUG o.s.m.s.ExecutorSubscribableChannel - brokerChannel removed SimpleBrokerMessageHandler [org.springframework.messaging.simp.broker.DefaultSubscriptionRegistry@46d52082]
2025-05-21 01:23:45.219 [Thread-10] INFO  o.s.m.s.b.SimpleBrokerMessageHandler - Stopped.
2025-05-21 01:23:45.220 [Thread-10] DEBUG o.s.m.s.ExecutorSubscribableChannel - clientInboundChannel removed UserDestinationMessageHandler[DefaultUserDestinationResolver[prefix=/user/]]
2025-05-21 01:23:45.220 [Thread-10] DEBUG o.s.m.s.ExecutorSubscribableChannel - brokerChannel removed UserDestinationMessageHandler[DefaultUserDestinationResolver[prefix=/user/]]
2025-05-21 01:23:45.227 [Thread-10] INFO  o.s.o.j.LocalContainerEntityManagerFactoryBean - Closing JPA EntityManagerFactory for persistence unit 'default'
2025-05-21 01:23:45.228 [Thread-10] INFO  com.zaxxer.hikari.HikariDataSource - HikariPool-2 - Shutdown initiated...
2025-05-21 01:23:45.233 [Thread-10] INFO  com.zaxxer.hikari.HikariDataSource - HikariPool-2 - Shutdown completed.
2025-05-21 01:23:45.393 [restartedMain] INFO  com.secureops.SecureOpsApplication - Starting SecureOpsApplication using Java 22.0.1 with PID 17304 (C:\Users\zakar\OneDrive\Desktop\SecureOpsFinal\Backend\target\classes started by zakar in C:\Users\zakar\OneDrive\Desktop\SecureOpsFinal\Backend)
2025-05-21 01:23:45.394 [restartedMain] DEBUG com.secureops.SecureOpsApplication - Running with Spring Boot v3.4.5, Spring v6.2.6
2025-05-21 01:23:45.394 [restartedMain] INFO  com.secureops.SecureOpsApplication - The following 1 profile is active: "dev"
2025-05-21 01:23:46.038 [restartedMain] INFO  o.s.d.r.c.RepositoryConfigurationDelegate - Bootstrapping Spring Data JPA repositories in DEFAULT mode.
2025-05-21 01:23:46.147 [restartedMain] INFO  o.s.d.r.c.RepositoryConfigurationDelegate - Finished Spring Data repository scanning in 108 ms. Found 18 JPA repository interfaces.
2025-05-21 01:23:46.443 [restartedMain] INFO  o.s.b.w.e.tomcat.TomcatWebServer - Tomcat initialized with port 8443 (https)
2025-05-21 01:23:46.444 [restartedMain] INFO  o.a.catalina.core.StandardService - Starting service [Tomcat]
2025-05-21 01:23:46.445 [restartedMain] INFO  o.a.catalina.core.StandardEngine - Starting Servlet engine: [Apache Tomcat/10.1.40]
2025-05-21 01:23:46.478 [restartedMain] INFO  o.a.c.c.C.[Tomcat].[localhost].[/] - Initializing Spring embedded WebApplicationContext
2025-05-21 01:23:46.478 [restartedMain] INFO  o.s.b.w.s.c.ServletWebServerApplicationContext - Root WebApplicationContext: initialization completed in 1080 ms
2025-05-21 01:23:46.668 [restartedMain] DEBUG c.s.config.JwtAuthenticationFilter - Filter 'jwtAuthenticationFilter' configured for use
2025-05-21 01:23:46.668 [restartedMain] DEBUG o.s.w.f.CommonsRequestLoggingFilter - Filter 'requestLoggingFilter' configured for use
2025-05-21 01:23:46.780 [restartedMain] INFO  o.s.o.j.p.SpringPersistenceUnitInfo - No LoadTimeWeaver setup: ignoring JPA class transformer
2025-05-21 01:23:46.781 [restartedMain] INFO  com.zaxxer.hikari.HikariDataSource - HikariPool-3 - Starting...
2025-05-21 01:23:46.867 [restartedMain] INFO  com.zaxxer.hikari.pool.HikariPool - HikariPool-3 - Added connection org.postgresql.jdbc.PgConnection@732c091c
2025-05-21 01:23:46.867 [restartedMain] INFO  com.zaxxer.hikari.HikariDataSource - HikariPool-3 - Start completed.
2025-05-21 01:23:48.736 [restartedMain] INFO  o.s.o.j.LocalContainerEntityManagerFactoryBean - Initialized JPA EntityManagerFactory for persistence unit 'default'
2025-05-21 01:23:48.986 [restartedMain] INFO  c.secureops.service.AuthServiceImpl - AuthServiceImpl initialized
2025-05-21 01:23:49.007 [restartedMain] INFO  com.secureops.service.EmailService - EmailService initialized with mail sender: JavaMailSenderImpl
2025-05-21 01:23:49.010 [restartedMain] INFO  c.s.service.FileStorageServiceImpl - Initializing FileStorageService with storage location: C:\Users\zakar\OneDrive\Desktop\SecureOpsFinal\Backend\uploads
2025-05-21 01:23:49.011 [restartedMain] DEBUG c.s.service.FileStorageServiceImpl - Storage directory created or already exists: C:\Users\zakar\OneDrive\Desktop\SecureOpsFinal\Backend\uploads
2025-05-21 01:23:49.015 [restartedMain] INFO  c.secureops.service.UserServiceImpl - UserServiceImpl initialized
2025-05-21 01:23:49.049 [restartedMain] INFO  c.secureops.service.RecaptchaService - RecaptchaService initialized
2025-05-21 01:23:49.095 [restartedMain] INFO  c.secureops.service.ChatServiceImpl - ChatServiceImpl initialized
2025-05-21 01:23:49.367 [restartedMain] INFO  c.secureops.service.WebSocketService - WebSocketService initialized
2025-05-21 01:23:49.369 [restartedMain] INFO  c.s.service.MessageServiceImpl - MessageServiceImpl initialized
2025-05-21 01:23:49.448 [restartedMain] INFO  c.s.service.TaskEventServiceImpl - TaskEventServiceImpl initialized
2025-05-21 01:23:50.026 [restartedMain] WARN  o.s.b.a.o.j.JpaBaseConfiguration$JpaWebConfiguration - spring.jpa.open-in-view is enabled by default. Therefore, database queries may be performed during view rendering. Explicitly configure spring.jpa.open-in-view to disable this warning
2025-05-21 01:23:50.107 [restartedMain] DEBUG o.s.w.s.s.s.WebSocketHandlerMapping - Patterns [/ws/**] in 'stompWebSocketHandlerMapping'
2025-05-21 01:23:50.400 [restartedMain] INFO  o.s.b.a.e.web.EndpointLinksResolver - Exposing 1 endpoint beneath base path '/actuator'
2025-05-21 01:23:50.594 [restartedMain] DEBUG o.s.w.s.m.WebSocketAnnotationMethodMessageHandler - 
	c.s.c.AuthController:
	
2025-05-21 01:23:50.594 [restartedMain] DEBUG o.s.w.s.m.WebSocketAnnotationMethodMessageHandler - 
	c.s.c.ChatController:
	
2025-05-21 01:23:50.594 [restartedMain] DEBUG o.s.w.s.m.WebSocketAnnotationMethodMessageHandler - 
	c.s.c.FileController:
	
2025-05-21 01:23:50.595 [restartedMain] DEBUG o.s.w.s.m.WebSocketAnnotationMethodMessageHandler - 
	c.s.c.LogAdminController:
	
2025-05-21 01:23:50.595 [restartedMain] DEBUG o.s.w.s.m.WebSocketAnnotationMethodMessageHandler - 
	c.s.c.LogSecurityController:
	
2025-05-21 01:23:50.595 [restartedMain] DEBUG o.s.w.s.m.WebSocketAnnotationMethodMessageHandler - 
	c.s.c.MessageController:
	
2025-05-21 01:23:50.595 [restartedMain] DEBUG o.s.w.s.m.WebSocketAnnotationMethodMessageHandler - 
	c.s.c.TaskEventController:
	
2025-05-21 01:23:50.595 [restartedMain] DEBUG o.s.w.s.m.WebSocketAnnotationMethodMessageHandler - 
	c.s.c.UserController:
	
2025-05-21 01:23:50.596 [restartedMain] DEBUG o.s.w.s.m.WebSocketAnnotationMethodMessageHandler - 
	c.s.c.WebSocketController:
	{[MESSAGE],[/chat/{chatId}/sendMessage]}: sendMessage(Long,MessageDto,SimpMessageHeaderAccessor)
2025-05-21 01:23:50.596 [restartedMain] DEBUG o.s.w.s.m.WebSocketAnnotationMethodMessageHandler - 
	c.s.h.c.EmployeeController:
	
2025-05-21 01:23:50.596 [restartedMain] DEBUG o.s.w.s.m.WebSocketAnnotationMethodMessageHandler - 
	c.s.h.c.HRTaskController:
	
2025-05-21 01:23:50.597 [restartedMain] DEBUG o.s.w.s.m.WebSocketAnnotationMethodMessageHandler - 
	c.s.s.c.ClientController:
	
2025-05-21 01:23:50.597 [restartedMain] DEBUG o.s.w.s.m.WebSocketAnnotationMethodMessageHandler - 
	c.s.s.c.InvoiceController:
	
2025-05-21 01:23:50.597 [restartedMain] DEBUG o.s.w.s.m.WebSocketAnnotationMethodMessageHandler - 
	c.s.s.c.OrderController:
	
2025-05-21 01:23:50.597 [restartedMain] DEBUG o.s.w.s.m.WebSocketAnnotationMethodMessageHandler - 
	c.s.s.c.ProductController:
	
2025-05-21 01:23:50.597 [restartedMain] DEBUG o.s.w.s.m.WebSocketAnnotationMethodMessageHandler - 
	c.s.s.c.QuoteController:
	
2025-05-21 01:23:50.598 [restartedMain] DEBUG o.s.w.s.m.WebSocketAnnotationMethodMessageHandler - 
	c.s.s.c.ReportController:
	
2025-05-21 01:23:50.599 [restartedMain] DEBUG o.s.w.s.m.WebSocketAnnotationMethodMessageHandler - 
	o.s.b.a.w.s.e.BasicErrorController:
	
2025-05-21 01:23:50.599 [restartedMain] DEBUG o.s.w.s.m.WebSocketAnnotationMethodMessageHandler - 
	o.s.w.a.OpenApiWebMvcResource:
	
2025-05-21 01:23:50.600 [restartedMain] DEBUG o.s.w.s.m.WebSocketAnnotationMethodMessageHandler - 
	o.s.w.u.SwaggerWelcomeWebMvc:
	
2025-05-21 01:23:50.600 [restartedMain] DEBUG o.s.w.s.m.WebSocketAnnotationMethodMessageHandler - 
	o.s.w.u.SwaggerConfigResource:
	
2025-05-21 01:23:51.111 [restartedMain] INFO  o.s.b.d.a.OptionalLiveReloadServer - LiveReload server is running on port 35729
2025-05-21 01:23:51.146 [restartedMain] DEBUG o.s.m.s.ExecutorSubscribableChannel - clientOutboundChannel added SubProtocolWebSocketHandler[StompSubProtocolHandler[v10.stomp, v11.stomp, v12.stomp]]
2025-05-21 01:23:51.146 [restartedMain] DEBUG o.s.m.s.ExecutorSubscribableChannel - clientInboundChannel added WebSocketAnnotationMethodMessageHandler[prefixes=[/app/]]
2025-05-21 01:23:51.146 [restartedMain] INFO  o.s.m.s.b.SimpleBrokerMessageHandler - Starting...
2025-05-21 01:23:51.147 [restartedMain] DEBUG o.s.m.s.ExecutorSubscribableChannel - clientInboundChannel added SimpleBrokerMessageHandler [org.springframework.messaging.simp.broker.DefaultSubscriptionRegistry@71578fa0]
2025-05-21 01:23:51.147 [restartedMain] DEBUG o.s.m.s.ExecutorSubscribableChannel - brokerChannel added SimpleBrokerMessageHandler [org.springframework.messaging.simp.broker.DefaultSubscriptionRegistry@71578fa0]
2025-05-21 01:23:51.147 [restartedMain] INFO  o.s.m.s.b.SimpleBrokerMessageHandler - BrokerAvailabilityEvent[available=true, SimpleBrokerMessageHandler [org.springframework.messaging.simp.broker.DefaultSubscriptionRegistry@71578fa0]]
2025-05-21 01:23:51.148 [restartedMain] INFO  o.s.m.s.b.SimpleBrokerMessageHandler - Started.
2025-05-21 01:23:51.148 [restartedMain] DEBUG o.s.m.s.ExecutorSubscribableChannel - clientInboundChannel added UserDestinationMessageHandler[DefaultUserDestinationResolver[prefix=/user/]]
2025-05-21 01:23:51.148 [restartedMain] DEBUG o.s.m.s.ExecutorSubscribableChannel - brokerChannel added UserDestinationMessageHandler[DefaultUserDestinationResolver[prefix=/user/]]
2025-05-21 01:23:51.247 [restartedMain] INFO  o.a.t.u.net.NioEndpoint.certificate - Connector [https-jsse-nio-8443], TLS virtual host [_default_], certificate type [UNDEFINED] configured from keystore [C:\Users\zakar\.keystore] using alias [localhost] with trust store [null]
2025-05-21 01:23:51.251 [restartedMain] INFO  o.s.b.w.e.tomcat.TomcatWebServer - Tomcat started on port 8443 (https) with context path '/'
2025-05-21 01:23:51.262 [restartedMain] INFO  com.secureops.SecureOpsApplication - Started SecureOpsApplication in 5.935 seconds (process running for 186.46)
2025-05-21 01:23:51.311 [restartedMain] INFO  o.s.b.d.a.ConditionEvaluationDeltaLoggingListener - Condition evaluation unchanged
